[ 2019-12-17T14:27:56+08:00 ] 127.0.0.1 /
INFO: [ app_init ] --START--
INFO: Run Behavior\BuildLiteBehavior [ RunTime:0.000044s ]
INFO: [ app_init ] --END-- [ RunTime:0.002561s ]
INFO: [ app_begin ] --START--
INFO: Run Behavior\ReadHtmlCacheBehavior [ RunTime:0.001848s ]
INFO: [ app_begin ] --END-- [ RunTime:0.002170s ]
INFO: [ view_parse ] --START--
INFO: [ template_filter ] --START--
INFO: Run Behavior\ContentReplaceBehavior [ RunTime:0.000577s ]
INFO: [ template_filter ] --END-- [ RunTime:0.000713s ]
INFO: Run Behavior\ParseTemplateBehavior [ RunTime:0.007209s ]
INFO: [ view_parse ] --END-- [ RunTime:0.007335s ]
INFO: [ view_filter ] --START--
INFO: Run Behavior\WriteHtmlCacheBehavior [ RunTime:0.000524s ]
INFO: [ view_filter ] --END-- [ RunTime:0.000623s ]
INFO: [ app_end ] --START--
INFO: Run Behavior\ShowPageTraceBehavior [ RunTime:0.001040s ]
INFO: [ app_end ] --END-- [ RunTime:0.001168s ]

[ 2019-12-17T14:38:10+08:00 ] 127.0.0.1 /
INFO: [ app_init ] --START--
INFO: Run Behavior\BuildLiteBehavior [ RunTime:0.000022s ]
INFO: [ app_init ] --END-- [ RunTime:0.000869s ]
INFO: [ app_begin ] --START--
INFO: Run Behavior\ReadHtmlCacheBehavior [ RunTime:0.000691s ]
INFO: [ app_begin ] --END-- [ RunTime:0.000797s ]
INFO: [ view_parse ] --START--
INFO: [ template_filter ] --START--
INFO: Run Behavior\ContentReplaceBehavior [ RunTime:0.000062s ]
INFO: [ template_filter ] --END-- [ RunTime:0.000230s ]
INFO: Run Behavior\ParseTemplateBehavior [ RunTime:0.024196s ]
INFO: [ view_parse ] --END-- [ RunTime:0.024313s ]
INFO: [ view_filter ] --START--
INFO: Run Behavior\WriteHtmlCacheBehavior [ RunTime:0.000676s ]
INFO: [ view_filter ] --END-- [ RunTime:0.000802s ]
INFO: [ app_end ] --START--
INFO: Run Behavior\ShowPageTraceBehavior [ RunTime:0.000824s ]
INFO: [ app_end ] --END-- [ RunTime:0.000940s ]

[ 2019-12-17T14:38:10+08:00 ] 127.0.0.1 /favicon.ico
INFO: [ app_init ] --START--
INFO: Run Behavior\BuildLiteBehavior [ RunTime:0.000044s ]
INFO: [ app_init ] --END-- [ RunTime:0.000597s ]

[ 2019-12-17T14:40:18+08:00 ] 127.0.0.1 /
INFO: [ app_init ] --START--
INFO: Run Behavior\BuildLiteBehavior [ RunTime:0.000025s ]
INFO: [ app_init ] --END-- [ RunTime:0.000569s ]
INFO: [ app_begin ] --START--
INFO: Run Behavior\ReadHtmlCacheBehavior [ RunTime:0.000686s ]
INFO: [ app_begin ] --END-- [ RunTime:0.000791s ]
INFO: [ view_parse ] --START--
INFO: [ template_filter ] --START--
INFO: Run Behavior\ContentReplaceBehavior [ RunTime:0.000076s ]
INFO: [ template_filter ] --END-- [ RunTime:0.000304s ]
INFO: Run Behavior\ParseTemplateBehavior [ RunTime:0.007886s ]
INFO: [ view_parse ] --END-- [ RunTime:0.008187s ]
INFO: [ view_filter ] --START--
INFO: Run Behavior\WriteHtmlCacheBehavior [ RunTime:0.000615s ]
INFO: [ view_filter ] --END-- [ RunTime:0.000751s ]
INFO: [ app_end ] --START--
INFO: Run Behavior\ShowPageTraceBehavior [ RunTime:0.000899s ]
INFO: [ app_end ] --END-- [ RunTime:0.001146s ]

[ 2019-12-17T14:40:42+08:00 ] 127.0.0.1 /
INFO: [ app_init ] --START--
INFO: Run Behavior\BuildLiteBehavior [ RunTime:0.000025s ]
INFO: [ app_init ] --END-- [ RunTime:0.000604s ]
INFO: [ app_begin ] --START--
INFO: Run Behavior\ReadHtmlCacheBehavior [ RunTime:0.000754s ]
INFO: [ app_begin ] --END-- [ RunTime:0.000861s ]
INFO: [ view_parse ] --START--
INFO: [ template_filter ] --START--
INFO: Run Behavior\ContentReplaceBehavior [ RunTime:0.000061s ]
INFO: [ template_filter ] --END-- [ RunTime:0.000162s ]
INFO: Run Behavior\ParseTemplateBehavior [ RunTime:0.005340s ]
INFO: [ view_parse ] --END-- [ RunTime:0.005445s ]
INFO: [ view_filter ] --START--
INFO: Run Behavior\WriteHtmlCacheBehavior [ RunTime:0.000563s ]
INFO: [ view_filter ] --END-- [ RunTime:0.000689s ]
INFO: [ app_end ] --START--
INFO: Run Behavior\ShowPageTraceBehavior [ RunTime:0.001033s ]
INFO: [ app_end ] --END-- [ RunTime:0.001192s ]

[ 2019-12-17T14:43:21+08:00 ] 127.0.0.1 /pc
INFO: [ app_init ] --START--
INFO: Run Behavior\BuildLiteBehavior [ RunTime:0.000138s ]
INFO: [ app_init ] --END-- [ RunTime:0.001740s ]
INFO: [ app_begin ] --START--
INFO: Run Behavior\ReadHtmlCacheBehavior [ RunTime:0.000828s ]
INFO: [ app_begin ] --END-- [ RunTime:0.000944s ]
ERR: 无法加载控制器:Pc

[ 2019-12-17T14:43:26+08:00 ] 127.0.0.1 /Pc
INFO: [ app_init ] --START--
INFO: Run Behavior\BuildLiteBehavior [ RunTime:0.000022s ]
INFO: [ app_init ] --END-- [ RunTime:0.000569s ]
INFO: [ app_begin ] --START--
INFO: Run Behavior\ReadHtmlCacheBehavior [ RunTime:0.000696s ]
INFO: [ app_begin ] --END-- [ RunTime:0.000799s ]
ERR: 无法加载控制器:Pc

[ 2019-12-17T14:45:10+08:00 ] 127.0.0.1 /Pc
INFO: [ app_init ] --START--
INFO: Run Behavior\BuildLiteBehavior [ RunTime:0.000022s ]
INFO: [ app_init ] --END-- [ RunTime:0.000590s ]
INFO: [ app_begin ] --START--
INFO: Run Behavior\ReadHtmlCacheBehavior [ RunTime:0.000675s ]
INFO: [ app_begin ] --END-- [ RunTime:0.000780s ]
ERR: 无法加载控制器:Pc

[ 2019-12-17T14:45:10+08:00 ] 127.0.0.1 /Pc
INFO: [ app_init ] --START--
INFO: Run Behavior\BuildLiteBehavior [ RunTime:0.000022s ]
INFO: [ app_init ] --END-- [ RunTime:0.000583s ]
INFO: [ app_begin ] --START--
INFO: Run Behavior\ReadHtmlCacheBehavior [ RunTime:0.000649s ]
INFO: [ app_begin ] --END-- [ RunTime:0.000753s ]
ERR: 无法加载控制器:Pc

[ 2019-12-17T14:45:44+08:00 ] 127.0.0.1 /Demo
INFO: [ app_init ] --START--
INFO: Run Behavior\BuildLiteBehavior [ RunTime:0.000022s ]
INFO: [ app_init ] --END-- [ RunTime:0.000584s ]
INFO: [ app_begin ] --START--
INFO: Run Behavior\ReadHtmlCacheBehavior [ RunTime:0.000730s ]
INFO: [ app_begin ] --END-- [ RunTime:0.000831s ]
INFO: [ view_parse ] --START--
INFO: [ template_filter ] --START--
INFO: Run Behavior\ContentReplaceBehavior [ RunTime:0.013355s ]
INFO: [ template_filter ] --END-- [ RunTime:0.013535s ]
INFO: Run Behavior\ParseTemplateBehavior [ RunTime:0.021597s ]
INFO: [ view_parse ] --END-- [ RunTime:0.021719s ]
INFO: [ view_filter ] --START--
INFO: Run Behavior\WriteHtmlCacheBehavior [ RunTime:0.000614s ]
INFO: [ view_filter ] --END-- [ RunTime:0.000706s ]
INFO: [ app_end ] --START--
INFO: Run Behavior\ShowPageTraceBehavior [ RunTime:0.000900s ]
INFO: [ app_end ] --END-- [ RunTime:0.001047s ]

[ 2019-12-17T14:47:40+08:00 ] 127.0.0.1 /Demo
INFO: [ app_init ] --START--
INFO: Run Behavior\BuildLiteBehavior [ RunTime:0.000025s ]
INFO: [ app_init ] --END-- [ RunTime:0.000606s ]
INFO: [ app_begin ] --START--
INFO: Run Behavior\ReadHtmlCacheBehavior [ RunTime:0.000925s ]
INFO: [ app_begin ] --END-- [ RunTime:0.001044s ]
INFO: [ view_parse ] --START--
INFO: [ template_filter ] --START--
INFO: Run Behavior\ContentReplaceBehavior [ RunTime:0.000051s ]
INFO: [ template_filter ] --END-- [ RunTime:0.000149s ]
INFO: Run Behavior\ParseTemplateBehavior [ RunTime:0.005372s ]
INFO: [ view_parse ] --END-- [ RunTime:0.005491s ]
INFO: [ view_filter ] --START--
INFO: Run Behavior\WriteHtmlCacheBehavior [ RunTime:0.000706s ]
INFO: [ view_filter ] --END-- [ RunTime:0.000850s ]
INFO: [ app_end ] --START--
INFO: Run Behavior\ShowPageTraceBehavior [ RunTime:0.001137s ]
INFO: [ app_end ] --END-- [ RunTime:0.001390s ]

[ 2019-12-17T15:38:35+08:00 ] 127.0.0.1 /Demo
INFO: [ app_init ] --START--
INFO: Run Behavior\BuildLiteBehavior [ RunTime:0.000022s ]
INFO: [ app_init ] --END-- [ RunTime:0.000780s ]
INFO: [ app_begin ] --START--
INFO: Run Behavior\ReadHtmlCacheBehavior [ RunTime:0.001032s ]
INFO: [ app_begin ] --END-- [ RunTime:0.001146s ]
SQL: SHOW COLUMNS FROM `dv_user` [ RunTime:0.0023s ]
SQL: SELECT * FROM `dv_user`  [ RunTime:0.0005s ]
NOTIC: [8] Undefined index: age D:\mysite\demo_v1.0\Core\Home\Controller\DemoController.class.php 第 27 行.
NOTIC: [8] Undefined index: addr D:\mysite\demo_v1.0\Core\Home\Controller\DemoController.class.php 第 29 行.
NOTIC: [8] Undefined variable: pageLi D:\mysite\demo_v1.0\Core\Home\Controller\DemoController.class.php 第 71 行.
NOTIC: [8] Undefined variable: pageLi2 D:\mysite\demo_v1.0\Core\Home\Controller\DemoController.class.php 第 79 行.
INFO: [ view_parse ] --START--
INFO: [ template_filter ] --START--
INFO: Run Behavior\ContentReplaceBehavior [ RunTime:0.000099s ]
INFO: [ template_filter ] --END-- [ RunTime:0.000277s ]
NOTIC: [8] Undefined variable: empty D:\mysite\demo_v1.0\Core\Runtime\Cache\Home\45db43fccbbf43cae865982275acd56c.php 第 27 行.
INFO: Run Behavior\ParseTemplateBehavior [ RunTime:0.013875s ]
INFO: [ view_parse ] --END-- [ RunTime:0.013997s ]
INFO: [ view_filter ] --START--
INFO: Run Behavior\WriteHtmlCacheBehavior [ RunTime:0.000766s ]
INFO: [ view_filter ] --END-- [ RunTime:0.000864s ]
INFO: [ app_end ] --START--
INFO: Run Behavior\ShowPageTraceBehavior [ RunTime:0.000864s ]
INFO: [ app_end ] --END-- [ RunTime:0.000967s ]

[ 2019-12-17T15:39:25+08:00 ] 127.0.0.1 /Demo
INFO: [ app_init ] --START--
INFO: Run Behavior\BuildLiteBehavior [ RunTime:0.000021s ]
INFO: [ app_init ] --END-- [ RunTime:0.000567s ]
INFO: [ app_begin ] --START--
INFO: Run Behavior\ReadHtmlCacheBehavior [ RunTime:0.000842s ]
INFO: [ app_begin ] --END-- [ RunTime:0.000953s ]
SQL: SHOW COLUMNS FROM `dv_user` [ RunTime:0.0024s ]
SQL: SELECT * FROM `dv_user`  [ RunTime:0.0006s ]
NOTIC: [8] Undefined index: age D:\mysite\demo_v1.0\Core\Home\Controller\DemoController.class.php 第 27 行.
NOTIC: [8] Undefined index: addr D:\mysite\demo_v1.0\Core\Home\Controller\DemoController.class.php 第 29 行.
NOTIC: [8] Undefined variable: pageLi D:\mysite\demo_v1.0\Core\Home\Controller\DemoController.class.php 第 71 行.
NOTIC: [8] Undefined variable: pageLi2 D:\mysite\demo_v1.0\Core\Home\Controller\DemoController.class.php 第 79 行.
INFO: [ view_parse ] --START--
INFO: [ template_filter ] --START--
INFO: Run Behavior\ContentReplaceBehavior [ RunTime:0.000073s ]
INFO: [ template_filter ] --END-- [ RunTime:0.000209s ]
NOTIC: [8] Undefined variable: empty D:\mysite\demo_v1.0\Core\Runtime\Cache\Home\45db43fccbbf43cae865982275acd56c.php 第 40 行.
INFO: Run Behavior\ParseTemplateBehavior [ RunTime:0.084359s ]
INFO: [ view_parse ] --END-- [ RunTime:0.084501s ]
INFO: [ view_filter ] --START--
INFO: Run Behavior\WriteHtmlCacheBehavior [ RunTime:0.000819s ]
INFO: [ view_filter ] --END-- [ RunTime:0.000921s ]
INFO: [ app_end ] --START--
INFO: Run Behavior\ShowPageTraceBehavior [ RunTime:0.000901s ]
INFO: [ app_end ] --END-- [ RunTime:0.001016s ]

[ 2019-12-17T15:40:38+08:00 ] 127.0.0.1 /Demo
INFO: [ app_init ] --START--
INFO: Run Behavior\BuildLiteBehavior [ RunTime:0.000022s ]
INFO: [ app_init ] --END-- [ RunTime:0.000704s ]
INFO: [ app_begin ] --START--
INFO: Run Behavior\ReadHtmlCacheBehavior [ RunTime:0.000952s ]
INFO: [ app_begin ] --END-- [ RunTime:0.001128s ]
SQL: SHOW COLUMNS FROM `dv_user` [ RunTime:0.0018s ]
SQL: SELECT * FROM `dv_user`  [ RunTime:0.0004s ]
NOTIC: [8] Undefined index: age D:\mysite\demo_v1.0\Core\Home\Controller\DemoController.class.php 第 27 行.
NOTIC: [8] Undefined index: addr D:\mysite\demo_v1.0\Core\Home\Controller\DemoController.class.php 第 29 行.
NOTIC: [8] Undefined variable: pageLi D:\mysite\demo_v1.0\Core\Home\Controller\DemoController.class.php 第 71 行.
NOTIC: [8] Undefined variable: pageLi2 D:\mysite\demo_v1.0\Core\Home\Controller\DemoController.class.php 第 79 行.
INFO: [ view_parse ] --START--
INFO: [ template_filter ] --START--
INFO: Run Behavior\ContentReplaceBehavior [ RunTime:0.000062s ]
INFO: [ template_filter ] --END-- [ RunTime:0.000178s ]
NOTIC: [8] Undefined variable: empty D:\mysite\demo_v1.0\Core\Runtime\Cache\Home\45db43fccbbf43cae865982275acd56c.php 第 40 行.
INFO: Run Behavior\ParseTemplateBehavior [ RunTime:0.014678s ]
INFO: [ view_parse ] --END-- [ RunTime:0.014779s ]
INFO: [ view_filter ] --START--
INFO: Run Behavior\WriteHtmlCacheBehavior [ RunTime:0.000708s ]
INFO: [ view_filter ] --END-- [ RunTime:0.000804s ]
INFO: [ app_end ] --START--
INFO: Run Behavior\ShowPageTraceBehavior [ RunTime:0.000803s ]
INFO: [ app_end ] --END-- [ RunTime:0.000902s ]

[ 2019-12-17T15:41:05+08:00 ] 127.0.0.1 /Demo
INFO: [ app_init ] --START--
INFO: Run Behavior\BuildLiteBehavior [ RunTime:0.000023s ]
INFO: [ app_init ] --END-- [ RunTime:0.000567s ]
INFO: [ app_begin ] --START--
INFO: Run Behavior\ReadHtmlCacheBehavior [ RunTime:0.000815s ]
INFO: [ app_begin ] --END-- [ RunTime:0.000929s ]
SQL: SHOW COLUMNS FROM `dv_user` [ RunTime:0.0016s ]
SQL: SELECT * FROM `dv_user`  [ RunTime:0.0003s ]
NOTIC: [8] Undefined index: age D:\mysite\demo_v1.0\Core\Home\Controller\DemoController.class.php 第 27 行.
NOTIC: [8] Undefined index: addr D:\mysite\demo_v1.0\Core\Home\Controller\DemoController.class.php 第 29 行.
NOTIC: [8] Undefined variable: pageLi D:\mysite\demo_v1.0\Core\Home\Controller\DemoController.class.php 第 71 行.
NOTIC: [8] Undefined variable: pageLi2 D:\mysite\demo_v1.0\Core\Home\Controller\DemoController.class.php 第 79 行.
INFO: [ view_parse ] --START--
INFO: [ template_filter ] --START--
INFO: Run Behavior\ContentReplaceBehavior [ RunTime:0.000060s ]
INFO: [ template_filter ] --END-- [ RunTime:0.000178s ]
NOTIC: [8] Undefined variable: empty D:\mysite\demo_v1.0\Core\Runtime\Cache\Home\45db43fccbbf43cae865982275acd56c.php 第 40 行.
INFO: Run Behavior\ParseTemplateBehavior [ RunTime:0.014148s ]
INFO: [ view_parse ] --END-- [ RunTime:0.014300s ]
INFO: [ view_filter ] --START--
INFO: Run Behavior\WriteHtmlCacheBehavior [ RunTime:0.000695s ]
INFO: [ view_filter ] --END-- [ RunTime:0.000793s ]
INFO: [ app_end ] --START--
INFO: Run Behavior\ShowPageTraceBehavior [ RunTime:0.000881s ]
INFO: [ app_end ] --END-- [ RunTime:0.000989s ]

[ 2019-12-17T15:43:27+08:00 ] 127.0.0.1 /Demo
INFO: [ app_init ] --START--
INFO: Run Behavior\BuildLiteBehavior [ RunTime:0.000021s ]
INFO: [ app_init ] --END-- [ RunTime:0.000580s ]
INFO: [ app_begin ] --START--
INFO: Run Behavior\ReadHtmlCacheBehavior [ RunTime:0.001074s ]
INFO: [ app_begin ] --END-- [ RunTime:0.001188s ]
SQL: SHOW COLUMNS FROM `demo_user` [ RunTime:0.0006s ]
SQL: SELECT * FROM `demo_user`  [ RunTime:0.0005s ]
NOTIC: [8] Undefined variable: pageLi D:\mysite\demo_v1.0\Core\Home\Controller\DemoController.class.php 第 71 行.
NOTIC: [8] Undefined variable: pageLi2 D:\mysite\demo_v1.0\Core\Home\Controller\DemoController.class.php 第 79 行.
INFO: [ view_parse ] --START--
INFO: [ template_filter ] --START--
INFO: Run Behavior\ContentReplaceBehavior [ RunTime:0.000056s ]
INFO: [ template_filter ] --END-- [ RunTime:0.000169s ]
NOTIC: [8] Undefined variable: empty D:\mysite\demo_v1.0\Core\Runtime\Cache\Home\45db43fccbbf43cae865982275acd56c.php 第 40 行.
INFO: Run Behavior\ParseTemplateBehavior [ RunTime:0.008857s ]
INFO: [ view_parse ] --END-- [ RunTime:0.008965s ]
INFO: [ view_filter ] --START--
INFO: Run Behavior\WriteHtmlCacheBehavior [ RunTime:0.000875s ]
INFO: [ view_filter ] --END-- [ RunTime:0.000973s ]
INFO: [ app_end ] --START--
INFO: Run Behavior\ShowPageTraceBehavior [ RunTime:0.001066s ]
INFO: [ app_end ] --END-- [ RunTime:0.001186s ]

[ 2019-12-17T15:45:15+08:00 ] 127.0.0.1 /Demo
INFO: [ app_init ] --START--
INFO: Run Behavior\BuildLiteBehavior [ RunTime:0.000027s ]
INFO: [ app_init ] --END-- [ RunTime:0.000722s ]
INFO: [ app_begin ] --START--
INFO: Run Behavior\ReadHtmlCacheBehavior [ RunTime:0.001028s ]
INFO: [ app_begin ] --END-- [ RunTime:0.001157s ]
SQL: SHOW COLUMNS FROM `demo_user` [ RunTime:0.0020s ]
SQL: SELECT * FROM `demo_user`  [ RunTime:0.0005s ]
NOTIC: [8] Undefined variable: pageLi D:\mysite\demo_v1.0\Core\Home\Controller\DemoController.class.php 第 71 行.
NOTIC: [8] Undefined variable: pageLi2 D:\mysite\demo_v1.0\Core\Home\Controller\DemoController.class.php 第 79 行.
INFO: [ view_parse ] --START--
INFO: [ template_filter ] --START--
INFO: Run Behavior\ContentReplaceBehavior [ RunTime:0.000064s ]
INFO: [ template_filter ] --END-- [ RunTime:0.000181s ]
NOTIC: [8] Undefined variable: empty D:\mysite\demo_v1.0\Core\Runtime\Cache\Home\45db43fccbbf43cae865982275acd56c.php 第 40 行.
INFO: Run Behavior\ParseTemplateBehavior [ RunTime:0.008200s ]
INFO: [ view_parse ] --END-- [ RunTime:0.008331s ]
INFO: [ view_filter ] --START--
INFO: Run Behavior\WriteHtmlCacheBehavior [ RunTime:0.000641s ]
INFO: [ view_filter ] --END-- [ RunTime:0.000742s ]
INFO: [ app_end ] --START--
INFO: Run Behavior\ShowPageTraceBehavior [ RunTime:0.001071s ]
INFO: [ app_end ] --END-- [ RunTime:0.001184s ]

[ 2019-12-17T15:47:00+08:00 ] 127.0.0.1 /Demo
INFO: [ app_init ] --START--
INFO: Run Behavior\BuildLiteBehavior [ RunTime:0.000045s ]
INFO: [ app_init ] --END-- [ RunTime:0.001274s ]
INFO: [ app_begin ] --START--
INFO: Run Behavior\ReadHtmlCacheBehavior [ RunTime:0.000894s ]
INFO: [ app_begin ] --END-- [ RunTime:0.001003s ]
SQL: SHOW COLUMNS FROM `demo_user` [ RunTime:0.0006s ]
SQL: SELECT * FROM `demo_user`  [ RunTime:0.0005s ]
NOTIC: [8] Undefined variable: pageLi D:\mysite\demo_v1.0\Core\Home\Controller\DemoController.class.php 第 71 行.
NOTIC: [8] Undefined variable: pageLi2 D:\mysite\demo_v1.0\Core\Home\Controller\DemoController.class.php 第 79 行.
INFO: [ view_parse ] --START--
INFO: [ template_filter ] --START--
INFO: Run Behavior\ContentReplaceBehavior [ RunTime:0.000063s ]
INFO: [ template_filter ] --END-- [ RunTime:0.000177s ]
NOTIC: [8] Undefined variable: empty D:\mysite\demo_v1.0\Core\Runtime\Cache\Home\45db43fccbbf43cae865982275acd56c.php 第 40 行.
INFO: Run Behavior\ParseTemplateBehavior [ RunTime:0.008663s ]
INFO: [ view_parse ] --END-- [ RunTime:0.008775s ]
INFO: [ view_filter ] --START--
INFO: Run Behavior\WriteHtmlCacheBehavior [ RunTime:0.000824s ]
INFO: [ view_filter ] --END-- [ RunTime:0.000936s ]
INFO: [ app_end ] --START--
INFO: Run Behavior\ShowPageTraceBehavior [ RunTime:0.000976s ]
INFO: [ app_end ] --END-- [ RunTime:0.001102s ]

[ 2019-12-17T15:47:03+08:00 ] 127.0.0.1 /Demo/index/page/2
INFO: [ app_init ] --START--
INFO: Run Behavior\BuildLiteBehavior [ RunTime:0.000022s ]
INFO: [ app_init ] --END-- [ RunTime:0.000682s ]
INFO: [ app_begin ] --START--
INFO: Run Behavior\ReadHtmlCacheBehavior [ RunTime:0.000868s ]
INFO: [ app_begin ] --END-- [ RunTime:0.000977s ]
SQL: SHOW COLUMNS FROM `demo_user` [ RunTime:0.0017s ]
SQL: SELECT * FROM `demo_user`  [ RunTime:0.0005s ]
NOTIC: [8] Undefined variable: pageLi D:\mysite\demo_v1.0\Core\Home\Controller\DemoController.class.php 第 73 行.
NOTIC: [8] Undefined variable: pageLi2 D:\mysite\demo_v1.0\Core\Home\Controller\DemoController.class.php 第 81 行.
INFO: [ view_parse ] --START--
INFO: [ template_filter ] --START--
INFO: Run Behavior\ContentReplaceBehavior [ RunTime:0.000078s ]
INFO: [ template_filter ] --END-- [ RunTime:0.000199s ]
NOTIC: [8] Undefined variable: empty D:\mysite\demo_v1.0\Core\Runtime\Cache\Home\45db43fccbbf43cae865982275acd56c.php 第 40 行.
INFO: Run Behavior\ParseTemplateBehavior [ RunTime:0.015575s ]
INFO: [ view_parse ] --END-- [ RunTime:0.015685s ]
INFO: [ view_filter ] --START--
INFO: Run Behavior\WriteHtmlCacheBehavior [ RunTime:0.000606s ]
INFO: [ view_filter ] --END-- [ RunTime:0.000722s ]
INFO: [ app_end ] --START--
INFO: Run Behavior\ShowPageTraceBehavior [ RunTime:0.000808s ]
INFO: [ app_end ] --END-- [ RunTime:0.000935s ]

[ 2019-12-17T15:47:05+08:00 ] 127.0.0.1 /Demo/index/page/3
INFO: [ app_init ] --START--
INFO: Run Behavior\BuildLiteBehavior [ RunTime:0.000044s ]
INFO: [ app_init ] --END-- [ RunTime:0.000680s ]
INFO: [ app_begin ] --START--
INFO: Run Behavior\ReadHtmlCacheBehavior [ RunTime:0.000822s ]
INFO: [ app_begin ] --END-- [ RunTime:0.000940s ]
SQL: SHOW COLUMNS FROM `demo_user` [ RunTime:0.0006s ]
SQL: SELECT * FROM `demo_user`  [ RunTime:0.0005s ]
NOTIC: [8] Undefined variable: pageLi D:\mysite\demo_v1.0\Core\Home\Controller\DemoController.class.php 第 73 行.
NOTIC: [8] Undefined variable: pageLi2 D:\mysite\demo_v1.0\Core\Home\Controller\DemoController.class.php 第 81 行.
INFO: [ view_parse ] --START--
INFO: [ template_filter ] --START--
INFO: Run Behavior\ContentReplaceBehavior [ RunTime:0.000078s ]
INFO: [ template_filter ] --END-- [ RunTime:0.000298s ]
NOTIC: [8] Undefined variable: empty D:\mysite\demo_v1.0\Core\Runtime\Cache\Home\45db43fccbbf43cae865982275acd56c.php 第 40 行.
INFO: Run Behavior\ParseTemplateBehavior [ RunTime:0.007748s ]
INFO: [ view_parse ] --END-- [ RunTime:0.007847s ]
INFO: [ view_filter ] --START--
INFO: Run Behavior\WriteHtmlCacheBehavior [ RunTime:0.000726s ]
INFO: [ view_filter ] --END-- [ RunTime:0.000821s ]
INFO: [ app_end ] --START--
INFO: Run Behavior\ShowPageTraceBehavior [ RunTime:0.001286s ]
INFO: [ app_end ] --END-- [ RunTime:0.001404s ]

[ 2019-12-17T15:47:39+08:00 ] 127.0.0.1 /Demo/index/page/3
INFO: [ app_init ] --START--
INFO: Run Behavior\BuildLiteBehavior [ RunTime:0.000024s ]
INFO: [ app_init ] --END-- [ RunTime:0.000620s ]
INFO: [ app_begin ] --START--
INFO: Run Behavior\ReadHtmlCacheBehavior [ RunTime:0.000734s ]
INFO: [ app_begin ] --END-- [ RunTime:0.000847s ]
SQL: SHOW COLUMNS FROM `demo_user` [ RunTime:0.0014s ]
SQL: SELECT * FROM `demo_user`  [ RunTime:0.0005s ]
NOTIC: [8] Undefined variable: pageLi D:\mysite\demo_v1.0\Core\Home\Controller\DemoController.class.php 第 73 行.
NOTIC: [8] Undefined variable: pageLi2 D:\mysite\demo_v1.0\Core\Home\Controller\DemoController.class.php 第 81 行.
INFO: [ view_parse ] --START--
INFO: [ template_filter ] --START--
INFO: Run Behavior\ContentReplaceBehavior [ RunTime:0.000060s ]
INFO: [ template_filter ] --END-- [ RunTime:0.000168s ]
NOTIC: [8] Undefined variable: empty D:\mysite\demo_v1.0\Core\Runtime\Cache\Home\45db43fccbbf43cae865982275acd56c.php 第 40 行.
INFO: Run Behavior\ParseTemplateBehavior [ RunTime:0.007395s ]
INFO: [ view_parse ] --END-- [ RunTime:0.007506s ]
INFO: [ view_filter ] --START--
INFO: Run Behavior\WriteHtmlCacheBehavior [ RunTime:0.000748s ]
INFO: [ view_filter ] --END-- [ RunTime:0.000899s ]
INFO: [ app_end ] --START--
INFO: Run Behavior\ShowPageTraceBehavior [ RunTime:0.001120s ]
INFO: [ app_end ] --END-- [ RunTime:0.001270s ]

[ 2019-12-17T15:47:40+08:00 ] 127.0.0.1 /Demo/index/page/3
INFO: [ app_init ] --START--
INFO: Run Behavior\BuildLiteBehavior [ RunTime:0.000027s ]
INFO: [ app_init ] --END-- [ RunTime:0.001092s ]
INFO: [ app_begin ] --START--
INFO: Run Behavior\ReadHtmlCacheBehavior [ RunTime:0.000935s ]
INFO: [ app_begin ] --END-- [ RunTime:0.001051s ]
SQL: SHOW COLUMNS FROM `demo_user` [ RunTime:0.0008s ]
SQL: SELECT * FROM `demo_user`  [ RunTime:0.0006s ]
NOTIC: [8] Undefined variable: pageLi D:\mysite\demo_v1.0\Core\Home\Controller\DemoController.class.php 第 73 行.
NOTIC: [8] Undefined variable: pageLi2 D:\mysite\demo_v1.0\Core\Home\Controller\DemoController.class.php 第 81 行.
INFO: [ view_parse ] --START--
INFO: [ template_filter ] --START--
INFO: Run Behavior\ContentReplaceBehavior [ RunTime:0.000063s ]
INFO: [ template_filter ] --END-- [ RunTime:0.000178s ]
NOTIC: [8] Undefined variable: empty D:\mysite\demo_v1.0\Core\Runtime\Cache\Home\45db43fccbbf43cae865982275acd56c.php 第 40 行.
INFO: Run Behavior\ParseTemplateBehavior [ RunTime:0.007167s ]
INFO: [ view_parse ] --END-- [ RunTime:0.007273s ]
INFO: [ view_filter ] --START--
INFO: Run Behavior\WriteHtmlCacheBehavior [ RunTime:0.000733s ]
INFO: [ view_filter ] --END-- [ RunTime:0.000830s ]
INFO: [ app_end ] --START--
INFO: Run Behavior\ShowPageTraceBehavior [ RunTime:0.000898s ]
INFO: [ app_end ] --END-- [ RunTime:0.001023s ]

[ 2019-12-17T15:49:25+08:00 ] 127.0.0.1 /Demo/index/page/3
INFO: [ app_init ] --START--
INFO: Run Behavior\BuildLiteBehavior [ RunTime:0.000044s ]
INFO: [ app_init ] --END-- [ RunTime:0.000652s ]
INFO: [ app_begin ] --START--
INFO: Run Behavior\ReadHtmlCacheBehavior [ RunTime:0.001087s ]
INFO: [ app_begin ] --END-- [ RunTime:0.001225s ]
SQL: SHOW COLUMNS FROM `demo_user` [ RunTime:0.0016s ]
SQL: SELECT * FROM `demo_user`  [ RunTime:0.0005s ]
NOTIC: [8] Undefined variable: pageLi D:\mysite\demo_v1.0\Core\Home\Controller\DemoController.class.php 第 73 行.
NOTIC: [8] Undefined variable: pageLi2 D:\mysite\demo_v1.0\Core\Home\Controller\DemoController.class.php 第 81 行.
INFO: [ view_parse ] --START--
INFO: [ template_filter ] --START--
INFO: Run Behavior\ContentReplaceBehavior [ RunTime:0.000091s ]
INFO: [ template_filter ] --END-- [ RunTime:0.000225s ]
NOTIC: [8] Undefined variable: empty D:\mysite\demo_v1.0\Core\Runtime\Cache\Home\45db43fccbbf43cae865982275acd56c.php 第 40 行.
INFO: Run Behavior\ParseTemplateBehavior [ RunTime:0.008511s ]
INFO: [ view_parse ] --END-- [ RunTime:0.008635s ]
INFO: [ view_filter ] --START--
INFO: Run Behavior\WriteHtmlCacheBehavior [ RunTime:0.000794s ]
INFO: [ view_filter ] --END-- [ RunTime:0.000909s ]
INFO: [ app_end ] --START--
INFO: Run Behavior\ShowPageTraceBehavior [ RunTime:0.000920s ]
INFO: [ app_end ] --END-- [ RunTime:0.001058s ]

[ 2019-12-17T15:49:41+08:00 ] 127.0.0.1 /Demo/index/page/3
INFO: [ app_init ] --START--
INFO: Run Behavior\BuildLiteBehavior [ RunTime:0.000024s ]
INFO: [ app_init ] --END-- [ RunTime:0.001068s ]
INFO: [ app_begin ] --START--
INFO: Run Behavior\ReadHtmlCacheBehavior [ RunTime:0.000880s ]
INFO: [ app_begin ] --END-- [ RunTime:0.000995s ]
SQL: SHOW COLUMNS FROM `demo_user` [ RunTime:0.0007s ]
SQL: SELECT * FROM `demo_user`  [ RunTime:0.0005s ]
NOTIC: [8] Undefined variable: pageLi D:\mysite\demo_v1.0\Core\Home\Controller\DemoController.class.php 第 73 行.
NOTIC: [8] Undefined variable: pageLi2 D:\mysite\demo_v1.0\Core\Home\Controller\DemoController.class.php 第 81 行.
INFO: [ view_parse ] --START--
INFO: [ template_filter ] --START--
INFO: Run Behavior\ContentReplaceBehavior [ RunTime:0.000065s ]
INFO: [ template_filter ] --END-- [ RunTime:0.000250s ]
NOTIC: [8] Undefined variable: empty D:\mysite\demo_v1.0\Core\Runtime\Cache\Home\45db43fccbbf43cae865982275acd56c.php 第 40 行.
INFO: Run Behavior\ParseTemplateBehavior [ RunTime:0.008791s ]
INFO: [ view_parse ] --END-- [ RunTime:0.008907s ]
INFO: [ view_filter ] --START--
INFO: Run Behavior\WriteHtmlCacheBehavior [ RunTime:0.000889s ]
INFO: [ view_filter ] --END-- [ RunTime:0.001072s ]
INFO: [ app_end ] --START--
INFO: Run Behavior\ShowPageTraceBehavior [ RunTime:0.000889s ]
INFO: [ app_end ] --END-- [ RunTime:0.001016s ]

[ 2019-12-17T15:50:54+08:00 ] 127.0.0.1 /Demo/index/page/3
INFO: [ app_init ] --START--
INFO: Run Behavior\BuildLiteBehavior [ RunTime:0.000023s ]
INFO: [ app_init ] --END-- [ RunTime:0.000658s ]
INFO: [ app_begin ] --START--
INFO: Run Behavior\ReadHtmlCacheBehavior [ RunTime:0.000907s ]
INFO: [ app_begin ] --END-- [ RunTime:0.001028s ]
SQL: SHOW COLUMNS FROM `demo_user` [ RunTime:0.0018s ]
SQL: SELECT * FROM `demo_user`  [ RunTime:0.0008s ]
NOTIC: [8] Undefined variable: pageLi D:\mysite\demo_v1.0\Core\Home\Controller\DemoController.class.php 第 73 行.
NOTIC: [8] Undefined variable: pageLi2 D:\mysite\demo_v1.0\Core\Home\Controller\DemoController.class.php 第 81 行.
INFO: [ view_parse ] --START--
INFO: [ template_filter ] --START--
INFO: Run Behavior\ContentReplaceBehavior [ RunTime:0.000059s ]
INFO: [ template_filter ] --END-- [ RunTime:0.000174s ]
NOTIC: [8] Undefined variable: empty D:\mysite\demo_v1.0\Core\Runtime\Cache\Home\45db43fccbbf43cae865982275acd56c.php 第 41 行.
INFO: Run Behavior\ParseTemplateBehavior [ RunTime:0.007466s ]
INFO: [ view_parse ] --END-- [ RunTime:0.007591s ]
INFO: [ view_filter ] --START--
INFO: Run Behavior\WriteHtmlCacheBehavior [ RunTime:0.000965s ]
INFO: [ view_filter ] --END-- [ RunTime:0.001095s ]
INFO: [ app_end ] --START--
INFO: Run Behavior\ShowPageTraceBehavior [ RunTime:0.000927s ]
INFO: [ app_end ] --END-- [ RunTime:0.001056s ]

[ 2019-12-17T15:52:02+08:00 ] 127.0.0.1 /Demo/index/page/3
INFO: [ app_init ] --START--
INFO: Run Behavior\BuildLiteBehavior [ RunTime:0.000022s ]
INFO: [ app_init ] --END-- [ RunTime:0.000633s ]
INFO: [ app_begin ] --START--
INFO: Run Behavior\ReadHtmlCacheBehavior [ RunTime:0.000722s ]
INFO: [ app_begin ] --END-- [ RunTime:0.000837s ]
SQL: SHOW COLUMNS FROM `demo_user` [ RunTime:0.0005s ]
SQL: SELECT * FROM `demo_user`  [ RunTime:0.0004s ]
NOTIC: [8] Undefined variable: pageLi D:\mysite\demo_v1.0\Core\Home\Controller\DemoController.class.php 第 73 行.
NOTIC: [8] Undefined variable: pageLi2 D:\mysite\demo_v1.0\Core\Home\Controller\DemoController.class.php 第 81 行.
INFO: [ view_parse ] --START--
INFO: [ template_filter ] --START--
INFO: Run Behavior\ContentReplaceBehavior [ RunTime:0.000070s ]
INFO: [ template_filter ] --END-- [ RunTime:0.000227s ]
NOTIC: [8] Undefined variable: empty D:\mysite\demo_v1.0\Core\Runtime\Cache\Home\45db43fccbbf43cae865982275acd56c.php 第 41 行.
INFO: Run Behavior\ParseTemplateBehavior [ RunTime:0.011598s ]
INFO: [ view_parse ] --END-- [ RunTime:0.011708s ]
INFO: [ view_filter ] --START--
INFO: Run Behavior\WriteHtmlCacheBehavior [ RunTime:0.000801s ]
INFO: [ view_filter ] --END-- [ RunTime:0.000908s ]
INFO: [ app_end ] --START--
INFO: Run Behavior\ShowPageTraceBehavior [ RunTime:0.000913s ]
INFO: [ app_end ] --END-- [ RunTime:0.001033s ]

[ 2019-12-17T15:52:03+08:00 ] 127.0.0.1 /Demo/index/page/3
INFO: [ app_init ] --START--
INFO: Run Behavior\BuildLiteBehavior [ RunTime:0.000022s ]
INFO: [ app_init ] --END-- [ RunTime:0.000668s ]
INFO: [ app_begin ] --START--
INFO: Run Behavior\ReadHtmlCacheBehavior [ RunTime:0.000912s ]
INFO: [ app_begin ] --END-- [ RunTime:0.001028s ]
SQL: SHOW COLUMNS FROM `demo_user` [ RunTime:0.0017s ]
SQL: SELECT * FROM `demo_user`  [ RunTime:0.0005s ]
NOTIC: [8] Undefined variable: pageLi D:\mysite\demo_v1.0\Core\Home\Controller\DemoController.class.php 第 73 行.
NOTIC: [8] Undefined variable: pageLi2 D:\mysite\demo_v1.0\Core\Home\Controller\DemoController.class.php 第 81 行.
INFO: [ view_parse ] --START--
INFO: [ template_filter ] --START--
INFO: Run Behavior\ContentReplaceBehavior [ RunTime:0.000066s ]
INFO: [ template_filter ] --END-- [ RunTime:0.000181s ]
NOTIC: [8] Undefined variable: empty D:\mysite\demo_v1.0\Core\Runtime\Cache\Home\45db43fccbbf43cae865982275acd56c.php 第 41 行.
INFO: Run Behavior\ParseTemplateBehavior [ RunTime:0.007083s ]
INFO: [ view_parse ] --END-- [ RunTime:0.007187s ]
INFO: [ view_filter ] --START--
INFO: Run Behavior\WriteHtmlCacheBehavior [ RunTime:0.000781s ]
INFO: [ view_filter ] --END-- [ RunTime:0.000878s ]
INFO: [ app_end ] --START--
INFO: Run Behavior\ShowPageTraceBehavior [ RunTime:0.000882s ]
INFO: [ app_end ] --END-- [ RunTime:0.001022s ]

[ 2019-12-17T15:53:32+08:00 ] 127.0.0.1 /Demo/index/page/3
INFO: [ app_init ] --START--
INFO: Run Behavior\BuildLiteBehavior [ RunTime:0.000024s ]
INFO: [ app_init ] --END-- [ RunTime:0.000808s ]
INFO: [ app_begin ] --START--
INFO: Run Behavior\ReadHtmlCacheBehavior [ RunTime:0.000803s ]
INFO: [ app_begin ] --END-- [ RunTime:0.000912s ]
SQL: SHOW COLUMNS FROM `demo_user` [ RunTime:0.0007s ]
SQL: SELECT * FROM `demo_user`  [ RunTime:0.0005s ]
NOTIC: [8] Undefined variable: pageLi D:\mysite\demo_v1.0\Core\Home\Controller\DemoController.class.php 第 73 行.
NOTIC: [8] Undefined variable: pageLi2 D:\mysite\demo_v1.0\Core\Home\Controller\DemoController.class.php 第 81 行.
INFO: [ view_parse ] --START--
INFO: [ template_filter ] --START--
INFO: Run Behavior\ContentReplaceBehavior [ RunTime:0.000059s ]
INFO: [ template_filter ] --END-- [ RunTime:0.000162s ]
NOTIC: [8] Undefined variable: empty D:\mysite\demo_v1.0\Core\Runtime\Cache\Home\45db43fccbbf43cae865982275acd56c.php 第 41 行.
INFO: Run Behavior\ParseTemplateBehavior [ RunTime:0.009020s ]
INFO: [ view_parse ] --END-- [ RunTime:0.009118s ]
INFO: [ view_filter ] --START--
INFO: Run Behavior\WriteHtmlCacheBehavior [ RunTime:0.000656s ]
INFO: [ view_filter ] --END-- [ RunTime:0.000748s ]
INFO: [ app_end ] --START--
INFO: Run Behavior\ShowPageTraceBehavior [ RunTime:0.001377s ]
INFO: [ app_end ] --END-- [ RunTime:0.001507s ]

[ 2019-12-17T15:53:49+08:00 ] 127.0.0.1 /Demo/index/page/3
INFO: [ app_init ] --START--
INFO: Run Behavior\BuildLiteBehavior [ RunTime:0.000026s ]
INFO: [ app_init ] --END-- [ RunTime:0.000600s ]
INFO: [ app_begin ] --START--
INFO: Run Behavior\ReadHtmlCacheBehavior [ RunTime:0.001192s ]
INFO: [ app_begin ] --END-- [ RunTime:0.001338s ]
SQL: SHOW COLUMNS FROM `demo_user` [ RunTime:0.0014s ]
SQL: SELECT * FROM `demo_user`  [ RunTime:0.0005s ]
NOTIC: [8] Undefined variable: pageLi D:\mysite\demo_v1.0\Core\Home\Controller\DemoController.class.php 第 73 行.
NOTIC: [8] Undefined variable: pageLi2 D:\mysite\demo_v1.0\Core\Home\Controller\DemoController.class.php 第 81 行.
INFO: [ view_parse ] --START--
INFO: [ template_filter ] --START--
INFO: Run Behavior\ContentReplaceBehavior [ RunTime:0.000198s ]
INFO: [ template_filter ] --END-- [ RunTime:0.000415s ]
NOTIC: [8] Undefined variable: empty D:\mysite\demo_v1.0\Core\Runtime\Cache\Home\45db43fccbbf43cae865982275acd56c.php 第 41 行.
INFO: Run Behavior\ParseTemplateBehavior [ RunTime:0.009428s ]
INFO: [ view_parse ] --END-- [ RunTime:0.009531s ]
INFO: [ view_filter ] --START--
INFO: Run Behavior\WriteHtmlCacheBehavior [ RunTime:0.000750s ]
INFO: [ view_filter ] --END-- [ RunTime:0.000847s ]
INFO: [ app_end ] --START--
INFO: Run Behavior\ShowPageTraceBehavior [ RunTime:0.001340s ]
INFO: [ app_end ] --END-- [ RunTime:0.001471s ]

[ 2019-12-17T15:53:58+08:00 ] 127.0.0.1 /Demo/index/page/2
INFO: [ app_init ] --START--
INFO: Run Behavior\BuildLiteBehavior [ RunTime:0.000027s ]
INFO: [ app_init ] --END-- [ RunTime:0.000846s ]
INFO: [ app_begin ] --START--
INFO: Run Behavior\ReadHtmlCacheBehavior [ RunTime:0.000959s ]
INFO: [ app_begin ] --END-- [ RunTime:0.001101s ]
SQL: SHOW COLUMNS FROM `demo_user` [ RunTime:0.0006s ]
SQL: SELECT * FROM `demo_user`  [ RunTime:0.0005s ]
NOTIC: [8] Undefined variable: pageLi D:\mysite\demo_v1.0\Core\Home\Controller\DemoController.class.php 第 73 行.
NOTIC: [8] Undefined variable: pageLi2 D:\mysite\demo_v1.0\Core\Home\Controller\DemoController.class.php 第 81 行.
INFO: [ view_parse ] --START--
INFO: [ template_filter ] --START--
INFO: Run Behavior\ContentReplaceBehavior [ RunTime:0.000056s ]
INFO: [ template_filter ] --END-- [ RunTime:0.000160s ]
NOTIC: [8] Undefined variable: empty D:\mysite\demo_v1.0\Core\Runtime\Cache\Home\45db43fccbbf43cae865982275acd56c.php 第 41 行.
INFO: Run Behavior\ParseTemplateBehavior [ RunTime:0.007649s ]
INFO: [ view_parse ] --END-- [ RunTime:0.007750s ]
INFO: [ view_filter ] --START--
INFO: Run Behavior\WriteHtmlCacheBehavior [ RunTime:0.000691s ]
INFO: [ view_filter ] --END-- [ RunTime:0.000790s ]
INFO: [ app_end ] --START--
INFO: Run Behavior\ShowPageTraceBehavior [ RunTime:0.000929s ]
INFO: [ app_end ] --END-- [ RunTime:0.001149s ]

[ 2019-12-17T15:53:59+08:00 ] 127.0.0.1 /Demo/index/page/1
INFO: [ app_init ] --START--
INFO: Run Behavior\BuildLiteBehavior [ RunTime:0.000028s ]
INFO: [ app_init ] --END-- [ RunTime:0.000646s ]
INFO: [ app_begin ] --START--
INFO: Run Behavior\ReadHtmlCacheBehavior [ RunTime:0.000835s ]
INFO: [ app_begin ] --END-- [ RunTime:0.000951s ]
SQL: SHOW COLUMNS FROM `demo_user` [ RunTime:0.0023s ]
SQL: SELECT * FROM `demo_user`  [ RunTime:0.0006s ]
NOTIC: [8] Undefined variable: pageLi D:\mysite\demo_v1.0\Core\Home\Controller\DemoController.class.php 第 71 行.
NOTIC: [8] Undefined variable: pageLi2 D:\mysite\demo_v1.0\Core\Home\Controller\DemoController.class.php 第 79 行.
INFO: [ view_parse ] --START--
INFO: [ template_filter ] --START--
INFO: Run Behavior\ContentReplaceBehavior [ RunTime:0.000058s ]
INFO: [ template_filter ] --END-- [ RunTime:0.000166s ]
NOTIC: [8] Undefined variable: empty D:\mysite\demo_v1.0\Core\Runtime\Cache\Home\45db43fccbbf43cae865982275acd56c.php 第 41 行.
INFO: Run Behavior\ParseTemplateBehavior [ RunTime:0.007238s ]
INFO: [ view_parse ] --END-- [ RunTime:0.007379s ]
INFO: [ view_filter ] --START--
INFO: Run Behavior\WriteHtmlCacheBehavior [ RunTime:0.000805s ]
INFO: [ view_filter ] --END-- [ RunTime:0.000906s ]
INFO: [ app_end ] --START--
INFO: Run Behavior\ShowPageTraceBehavior [ RunTime:0.001155s ]
INFO: [ app_end ] --END-- [ RunTime:0.001281s ]

[ 2019-12-17T15:57:26+08:00 ] 127.0.0.1 /Demo/index/page/1
INFO: [ app_init ] --START--
INFO: Run Behavior\BuildLiteBehavior [ RunTime:0.000021s ]
INFO: [ app_init ] --END-- [ RunTime:0.000635s ]
INFO: [ app_begin ] --START--
INFO: Run Behavior\ReadHtmlCacheBehavior [ RunTime:0.000765s ]
INFO: [ app_begin ] --END-- [ RunTime:0.000867s ]
SQL: SHOW COLUMNS FROM `demo_user` [ RunTime:0.0007s ]
SQL: SELECT * FROM `demo_user`  [ RunTime:0.0005s ]
NOTIC: [8] Undefined variable: pageLi D:\mysite\demo_v1.0\Core\Home\Controller\DemoController.class.php 第 71 行.
NOTIC: [8] Undefined variable: pageLi2 D:\mysite\demo_v1.0\Core\Home\Controller\DemoController.class.php 第 79 行.
INFO: [ view_parse ] --START--
INFO: [ template_filter ] --START--
INFO: Run Behavior\ContentReplaceBehavior [ RunTime:0.000061s ]
INFO: [ template_filter ] --END-- [ RunTime:0.000164s ]
NOTIC: [8] Undefined variable: empty D:\mysite\demo_v1.0\Core\Runtime\Cache\Home\45db43fccbbf43cae865982275acd56c.php 第 41 行.
INFO: Run Behavior\ParseTemplateBehavior [ RunTime:0.007953s ]
INFO: [ view_parse ] --END-- [ RunTime:0.008053s ]
INFO: [ view_filter ] --START--
INFO: Run Behavior\WriteHtmlCacheBehavior [ RunTime:0.000737s ]
INFO: [ view_filter ] --END-- [ RunTime:0.000831s ]
INFO: [ app_end ] --START--
INFO: Run Behavior\ShowPageTraceBehavior [ RunTime:0.001121s ]
INFO: [ app_end ] --END-- [ RunTime:0.001232s ]

[ 2019-12-17T15:58:42+08:00 ] 127.0.0.1 /Demo/index/page/1
INFO: [ app_init ] --START--
INFO: Run Behavior\BuildLiteBehavior [ RunTime:0.000031s ]
INFO: [ app_init ] --END-- [ RunTime:0.000682s ]
INFO: [ app_begin ] --START--
INFO: Run Behavior\ReadHtmlCacheBehavior [ RunTime:0.000810s ]
INFO: [ app_begin ] --END-- [ RunTime:0.000942s ]
SQL: SHOW COLUMNS FROM `demo_user` [ RunTime:0.0007s ]
SQL: SELECT * FROM `demo_user`  [ RunTime:0.0005s ]
NOTIC: [8] Undefined variable: pageLi D:\mysite\demo_v1.0\Core\Home\Controller\DemoController.class.php 第 71 行.
NOTIC: [8] Undefined variable: pageLi2 D:\mysite\demo_v1.0\Core\Home\Controller\DemoController.class.php 第 79 行.
INFO: [ view_parse ] --START--
INFO: [ template_filter ] --START--
INFO: Run Behavior\ContentReplaceBehavior [ RunTime:0.000059s ]
INFO: [ template_filter ] --END-- [ RunTime:0.000199s ]
NOTIC: [8] Undefined variable: empty D:\mysite\demo_v1.0\Core\Runtime\Cache\Home\45db43fccbbf43cae865982275acd56c.php 第 41 行.
INFO: Run Behavior\ParseTemplateBehavior [ RunTime:0.006952s ]
INFO: [ view_parse ] --END-- [ RunTime:0.007066s ]
INFO: [ view_filter ] --START--
INFO: Run Behavior\WriteHtmlCacheBehavior [ RunTime:0.000823s ]
INFO: [ view_filter ] --END-- [ RunTime:0.000952s ]
INFO: [ app_end ] --START--
INFO: Run Behavior\ShowPageTraceBehavior [ RunTime:0.000888s ]
INFO: [ app_end ] --END-- [ RunTime:0.001033s ]

[ 2019-12-17T15:59:05+08:00 ] 127.0.0.1 /Demo/index/page/1
INFO: [ app_init ] --START--
INFO: Run Behavior\BuildLiteBehavior [ RunTime:0.000022s ]
INFO: [ app_init ] --END-- [ RunTime:0.000820s ]
INFO: [ app_begin ] --START--
INFO: Run Behavior\ReadHtmlCacheBehavior [ RunTime:0.001000s ]
INFO: [ app_begin ] --END-- [ RunTime:0.001128s ]
SQL: SHOW COLUMNS FROM `demo_user` [ RunTime:0.0006s ]
SQL: SELECT * FROM `demo_user`  [ RunTime:0.0005s ]
NOTIC: [8] Undefined variable: pageLi D:\mysite\demo_v1.0\Core\Home\Controller\DemoController.class.php 第 71 行.
NOTIC: [8] Undefined variable: pageLi2 D:\mysite\demo_v1.0\Core\Home\Controller\DemoController.class.php 第 79 行.
INFO: [ view_parse ] --START--
INFO: [ template_filter ] --START--
INFO: Run Behavior\ContentReplaceBehavior [ RunTime:0.000055s ]
INFO: [ template_filter ] --END-- [ RunTime:0.000155s ]
NOTIC: [8] Undefined variable: empty D:\mysite\demo_v1.0\Core\Runtime\Cache\Home\45db43fccbbf43cae865982275acd56c.php 第 41 行.
INFO: Run Behavior\ParseTemplateBehavior [ RunTime:0.007519s ]
INFO: [ view_parse ] --END-- [ RunTime:0.007655s ]
INFO: [ view_filter ] --START--
INFO: Run Behavior\WriteHtmlCacheBehavior [ RunTime:0.001001s ]
INFO: [ view_filter ] --END-- [ RunTime:0.001129s ]
INFO: [ app_end ] --START--
INFO: Run Behavior\ShowPageTraceBehavior [ RunTime:0.001289s ]
INFO: [ app_end ] --END-- [ RunTime:0.001463s ]

[ 2019-12-17T15:59:41+08:00 ] 127.0.0.1 /Demo/index/page/1
INFO: [ app_init ] --START--
INFO: Run Behavior\BuildLiteBehavior [ RunTime:0.000021s ]
INFO: [ app_init ] --END-- [ RunTime:0.000589s ]
INFO: [ app_begin ] --START--
INFO: Run Behavior\ReadHtmlCacheBehavior [ RunTime:0.000807s ]
INFO: [ app_begin ] --END-- [ RunTime:0.000921s ]
SQL: SHOW COLUMNS FROM `demo_user` [ RunTime:0.0007s ]
SQL: SELECT * FROM `demo_user`  [ RunTime:0.0005s ]
NOTIC: [8] Undefined variable: pageLi D:\mysite\demo_v1.0\Core\Home\Controller\DemoController.class.php 第 71 行.
NOTIC: [8] Undefined variable: pageLi2 D:\mysite\demo_v1.0\Core\Home\Controller\DemoController.class.php 第 79 行.
INFO: [ view_parse ] --START--
INFO: [ template_filter ] --START--
INFO: Run Behavior\ContentReplaceBehavior [ RunTime:0.000075s ]
INFO: [ template_filter ] --END-- [ RunTime:0.000211s ]
NOTIC: [8] Undefined variable: empty D:\mysite\demo_v1.0\Core\Runtime\Cache\Home\45db43fccbbf43cae865982275acd56c.php 第 41 行.
INFO: Run Behavior\ParseTemplateBehavior [ RunTime:0.006540s ]
INFO: [ view_parse ] --END-- [ RunTime:0.006639s ]
INFO: [ view_filter ] --START--
INFO: Run Behavior\WriteHtmlCacheBehavior [ RunTime:0.000642s ]
INFO: [ view_filter ] --END-- [ RunTime:0.000751s ]
INFO: [ app_end ] --START--
INFO: Run Behavior\ShowPageTraceBehavior [ RunTime:0.001437s ]
INFO: [ app_end ] --END-- [ RunTime:0.001595s ]

[ 2019-12-17T16:00:17+08:00 ] 127.0.0.1 /Demo/index/page/1
INFO: [ app_init ] --START--
INFO: Run Behavior\BuildLiteBehavior [ RunTime:0.000025s ]
INFO: [ app_init ] --END-- [ RunTime:0.000537s ]
INFO: [ app_begin ] --START--
INFO: Run Behavior\ReadHtmlCacheBehavior [ RunTime:0.000778s ]
INFO: [ app_begin ] --END-- [ RunTime:0.000888s ]
SQL: SHOW COLUMNS FROM `demo_user` [ RunTime:0.0005s ]
SQL: SELECT * FROM `demo_user`  [ RunTime:0.0004s ]
NOTIC: [8] Undefined variable: pageLi D:\mysite\demo_v1.0\Core\Home\Controller\DemoController.class.php 第 71 行.
NOTIC: [8] Undefined variable: pageLi2 D:\mysite\demo_v1.0\Core\Home\Controller\DemoController.class.php 第 79 行.
INFO: [ view_parse ] --START--
INFO: [ template_filter ] --START--
INFO: Run Behavior\ContentReplaceBehavior [ RunTime:0.000084s ]
INFO: [ template_filter ] --END-- [ RunTime:0.000256s ]
NOTIC: [8] Undefined variable: empty D:\mysite\demo_v1.0\Core\Runtime\Cache\Home\45db43fccbbf43cae865982275acd56c.php 第 41 行.
INFO: Run Behavior\ParseTemplateBehavior [ RunTime:0.009913s ]
INFO: [ view_parse ] --END-- [ RunTime:0.010018s ]
INFO: [ view_filter ] --START--
INFO: Run Behavior\WriteHtmlCacheBehavior [ RunTime:0.000697s ]
INFO: [ view_filter ] --END-- [ RunTime:0.000793s ]
INFO: [ app_end ] --START--
INFO: Run Behavior\ShowPageTraceBehavior [ RunTime:0.001184s ]
INFO: [ app_end ] --END-- [ RunTime:0.001341s ]

[ 2019-12-17T16:01:22+08:00 ] 127.0.0.1 /Demo/index/page/1
INFO: [ app_init ] --START--
INFO: Run Behavior\BuildLiteBehavior [ RunTime:0.000022s ]
INFO: [ app_init ] --END-- [ RunTime:0.000593s ]
INFO: [ app_begin ] --START--
INFO: Run Behavior\ReadHtmlCacheBehavior [ RunTime:0.000832s ]
INFO: [ app_begin ] --END-- [ RunTime:0.000943s ]
SQL: SHOW COLUMNS FROM `demo_user` [ RunTime:0.0006s ]
SQL: SELECT * FROM `demo_user`  [ RunTime:0.0007s ]
NOTIC: [8] Undefined variable: pageLi D:\mysite\demo_v1.0\Core\Home\Controller\DemoController.class.php 第 71 行.
NOTIC: [8] Undefined variable: pageLi2 D:\mysite\demo_v1.0\Core\Home\Controller\DemoController.class.php 第 79 行.
INFO: [ view_parse ] --START--
INFO: [ template_filter ] --START--
INFO: Run Behavior\ContentReplaceBehavior [ RunTime:0.000059s ]
INFO: [ template_filter ] --END-- [ RunTime:0.000166s ]
NOTIC: [8] Undefined variable: empty D:\mysite\demo_v1.0\Core\Runtime\Cache\Home\45db43fccbbf43cae865982275acd56c.php 第 41 行.
INFO: Run Behavior\ParseTemplateBehavior [ RunTime:0.007479s ]
INFO: [ view_parse ] --END-- [ RunTime:0.007589s ]
INFO: [ view_filter ] --START--
INFO: Run Behavior\WriteHtmlCacheBehavior [ RunTime:0.000866s ]
INFO: [ view_filter ] --END-- [ RunTime:0.000977s ]
INFO: [ app_end ] --START--
INFO: Run Behavior\ShowPageTraceBehavior [ RunTime:0.001071s ]
INFO: [ app_end ] --END-- [ RunTime:0.001219s ]

[ 2019-12-17T16:01:35+08:00 ] 127.0.0.1 /Demo/index/page/2
INFO: [ app_init ] --START--
INFO: Run Behavior\BuildLiteBehavior [ RunTime:0.000024s ]
INFO: [ app_init ] --END-- [ RunTime:0.000629s ]
INFO: [ app_begin ] --START--
INFO: Run Behavior\ReadHtmlCacheBehavior [ RunTime:0.000850s ]
INFO: [ app_begin ] --END-- [ RunTime:0.000966s ]
SQL: SHOW COLUMNS FROM `demo_user` [ RunTime:0.0006s ]
SQL: SELECT * FROM `demo_user`  [ RunTime:0.0005s ]
NOTIC: [8] Undefined variable: pageLi D:\mysite\demo_v1.0\Core\Home\Controller\DemoController.class.php 第 73 行.
NOTIC: [8] Undefined variable: pageLi2 D:\mysite\demo_v1.0\Core\Home\Controller\DemoController.class.php 第 81 行.
INFO: [ view_parse ] --START--
INFO: [ template_filter ] --START--
INFO: Run Behavior\ContentReplaceBehavior [ RunTime:0.000059s ]
INFO: [ template_filter ] --END-- [ RunTime:0.000165s ]
NOTIC: [8] Undefined variable: empty D:\mysite\demo_v1.0\Core\Runtime\Cache\Home\45db43fccbbf43cae865982275acd56c.php 第 41 行.
INFO: Run Behavior\ParseTemplateBehavior [ RunTime:0.007941s ]
INFO: [ view_parse ] --END-- [ RunTime:0.008044s ]
INFO: [ view_filter ] --START--
INFO: Run Behavior\WriteHtmlCacheBehavior [ RunTime:0.000795s ]
INFO: [ view_filter ] --END-- [ RunTime:0.000897s ]
INFO: [ app_end ] --START--
INFO: Run Behavior\ShowPageTraceBehavior [ RunTime:0.000860s ]
INFO: [ app_end ] --END-- [ RunTime:0.001020s ]

[ 2019-12-17T16:01:36+08:00 ] 127.0.0.1 /Demo/index/page/3
INFO: [ app_init ] --START--
INFO: Run Behavior\BuildLiteBehavior [ RunTime:0.000022s ]
INFO: [ app_init ] --END-- [ RunTime:0.000632s ]
INFO: [ app_begin ] --START--
INFO: Run Behavior\ReadHtmlCacheBehavior [ RunTime:0.000744s ]
INFO: [ app_begin ] --END-- [ RunTime:0.000859s ]
SQL: SHOW COLUMNS FROM `demo_user` [ RunTime:0.0006s ]
SQL: SELECT * FROM `demo_user`  [ RunTime:0.0007s ]
NOTIC: [8] Undefined variable: pageLi D:\mysite\demo_v1.0\Core\Home\Controller\DemoController.class.php 第 73 行.
NOTIC: [8] Undefined variable: pageLi2 D:\mysite\demo_v1.0\Core\Home\Controller\DemoController.class.php 第 81 行.
INFO: [ view_parse ] --START--
INFO: [ template_filter ] --START--
INFO: Run Behavior\ContentReplaceBehavior [ RunTime:0.000079s ]
INFO: [ template_filter ] --END-- [ RunTime:0.000245s ]
NOTIC: [8] Undefined variable: empty D:\mysite\demo_v1.0\Core\Runtime\Cache\Home\45db43fccbbf43cae865982275acd56c.php 第 41 行.
INFO: Run Behavior\ParseTemplateBehavior [ RunTime:0.007516s ]
INFO: [ view_parse ] --END-- [ RunTime:0.007621s ]
INFO: [ view_filter ] --START--
INFO: Run Behavior\WriteHtmlCacheBehavior [ RunTime:0.000675s ]
INFO: [ view_filter ] --END-- [ RunTime:0.000781s ]
INFO: [ app_end ] --START--
INFO: Run Behavior\ShowPageTraceBehavior [ RunTime:0.000838s ]
INFO: [ app_end ] --END-- [ RunTime:0.000994s ]

[ 2019-12-17T16:01:37+08:00 ] 127.0.0.1 /Demo/index/page/1
INFO: [ app_init ] --START--
INFO: Run Behavior\BuildLiteBehavior [ RunTime:0.000023s ]
INFO: [ app_init ] --END-- [ RunTime:0.000661s ]
INFO: [ app_begin ] --START--
INFO: Run Behavior\ReadHtmlCacheBehavior [ RunTime:0.000899s ]
INFO: [ app_begin ] --END-- [ RunTime:0.001014s ]
SQL: SHOW COLUMNS FROM `demo_user` [ RunTime:0.0006s ]
SQL: SELECT * FROM `demo_user`  [ RunTime:0.0006s ]
NOTIC: [8] Undefined variable: pageLi D:\mysite\demo_v1.0\Core\Home\Controller\DemoController.class.php 第 71 行.
NOTIC: [8] Undefined variable: pageLi2 D:\mysite\demo_v1.0\Core\Home\Controller\DemoController.class.php 第 79 行.
INFO: [ view_parse ] --START--
INFO: [ template_filter ] --START--
INFO: Run Behavior\ContentReplaceBehavior [ RunTime:0.000057s ]
INFO: [ template_filter ] --END-- [ RunTime:0.000221s ]
NOTIC: [8] Undefined variable: empty D:\mysite\demo_v1.0\Core\Runtime\Cache\Home\45db43fccbbf43cae865982275acd56c.php 第 41 行.
INFO: Run Behavior\ParseTemplateBehavior [ RunTime:0.007518s ]
INFO: [ view_parse ] --END-- [ RunTime:0.007625s ]
INFO: [ view_filter ] --START--
INFO: Run Behavior\WriteHtmlCacheBehavior [ RunTime:0.000883s ]
INFO: [ view_filter ] --END-- [ RunTime:0.000979s ]
INFO: [ app_end ] --START--
INFO: Run Behavior\ShowPageTraceBehavior [ RunTime:0.001134s ]
INFO: [ app_end ] --END-- [ RunTime:0.001264s ]

[ 2019-12-17T16:03:39+08:00 ] 127.0.0.1 /Demo/index/page/1
INFO: [ app_init ] --START--
INFO: Run Behavior\BuildLiteBehavior [ RunTime:0.000023s ]
INFO: [ app_init ] --END-- [ RunTime:0.000962s ]
INFO: [ app_begin ] --START--
INFO: Run Behavior\ReadHtmlCacheBehavior [ RunTime:0.000830s ]
INFO: [ app_begin ] --END-- [ RunTime:0.000967s ]
SQL: SHOW COLUMNS FROM `demo_user` [ RunTime:0.0006s ]
SQL: SELECT * FROM `demo_user`  [ RunTime:0.0006s ]
NOTIC: [8] Undefined variable: pageLi D:\mysite\demo_v1.0\Core\Home\Controller\DemoController.class.php 第 71 行.
NOTIC: [8] Undefined variable: pageLi2 D:\mysite\demo_v1.0\Core\Home\Controller\DemoController.class.php 第 79 行.
INFO: [ view_parse ] --START--
INFO: [ template_filter ] --START--
INFO: Run Behavior\ContentReplaceBehavior [ RunTime:0.000090s ]
INFO: [ template_filter ] --END-- [ RunTime:0.000226s ]
NOTIC: [8] Undefined variable: empty D:\mysite\demo_v1.0\Core\Runtime\Cache\Home\45db43fccbbf43cae865982275acd56c.php 第 41 行.
INFO: Run Behavior\ParseTemplateBehavior [ RunTime:0.007321s ]
INFO: [ view_parse ] --END-- [ RunTime:0.007420s ]
INFO: [ view_filter ] --START--
INFO: Run Behavior\WriteHtmlCacheBehavior [ RunTime:0.000755s ]
INFO: [ view_filter ] --END-- [ RunTime:0.000850s ]
INFO: [ app_end ] --START--
INFO: Run Behavior\ShowPageTraceBehavior [ RunTime:0.001252s ]
INFO: [ app_end ] --END-- [ RunTime:0.001385s ]

[ 2019-12-17T16:03:56+08:00 ] 127.0.0.1 /Demo/index/page/1
INFO: [ app_init ] --START--
INFO: Run Behavior\BuildLiteBehavior [ RunTime:0.000022s ]
INFO: [ app_init ] --END-- [ RunTime:0.000648s ]
INFO: [ app_begin ] --START--
INFO: Run Behavior\ReadHtmlCacheBehavior [ RunTime:0.000855s ]
INFO: [ app_begin ] --END-- [ RunTime:0.000968s ]
SQL: SHOW COLUMNS FROM `demo_user` [ RunTime:0.0006s ]
SQL: SELECT * FROM `demo_user`  [ RunTime:0.0005s ]
NOTIC: [8] Undefined variable: pageLi D:\mysite\demo_v1.0\Core\Home\Controller\DemoController.class.php 第 71 行.
NOTIC: [8] Undefined variable: pageLi2 D:\mysite\demo_v1.0\Core\Home\Controller\DemoController.class.php 第 79 行.
INFO: [ view_parse ] --START--
INFO: [ template_filter ] --START--
INFO: Run Behavior\ContentReplaceBehavior [ RunTime:0.000205s ]
INFO: [ template_filter ] --END-- [ RunTime:0.000505s ]
NOTIC: [8] Undefined variable: empty D:\mysite\demo_v1.0\Core\Runtime\Cache\Home\45db43fccbbf43cae865982275acd56c.php 第 41 行.
INFO: Run Behavior\ParseTemplateBehavior [ RunTime:0.010083s ]
INFO: [ view_parse ] --END-- [ RunTime:0.010230s ]
INFO: [ view_filter ] --START--
INFO: Run Behavior\WriteHtmlCacheBehavior [ RunTime:0.000678s ]
INFO: [ view_filter ] --END-- [ RunTime:0.000776s ]
INFO: [ app_end ] --START--
INFO: Run Behavior\ShowPageTraceBehavior [ RunTime:0.000998s ]
INFO: [ app_end ] --END-- [ RunTime:0.001120s ]

[ 2019-12-17T16:04:09+08:00 ] 127.0.0.1 /Demo/index/page/1
INFO: [ app_init ] --START--
INFO: Run Behavior\BuildLiteBehavior [ RunTime:0.000021s ]
INFO: [ app_init ] --END-- [ RunTime:0.000592s ]
INFO: [ app_begin ] --START--
INFO: Run Behavior\ReadHtmlCacheBehavior [ RunTime:0.000892s ]
INFO: [ app_begin ] --END-- [ RunTime:0.001007s ]
SQL: SHOW COLUMNS FROM `demo_user` [ RunTime:0.0010s ]
SQL: SELECT * FROM `demo_user`  [ RunTime:0.0005s ]
NOTIC: [8] Undefined variable: pageLi D:\mysite\demo_v1.0\Core\Home\Controller\DemoController.class.php 第 71 行.
NOTIC: [8] Undefined variable: pageLi2 D:\mysite\demo_v1.0\Core\Home\Controller\DemoController.class.php 第 79 行.
INFO: [ view_parse ] --START--
INFO: [ template_filter ] --START--
INFO: Run Behavior\ContentReplaceBehavior [ RunTime:0.000057s ]
INFO: [ template_filter ] --END-- [ RunTime:0.000163s ]
NOTIC: [8] Undefined variable: empty D:\mysite\demo_v1.0\Core\Runtime\Cache\Home\45db43fccbbf43cae865982275acd56c.php 第 41 行.
INFO: Run Behavior\ParseTemplateBehavior [ RunTime:0.006822s ]
INFO: [ view_parse ] --END-- [ RunTime:0.006926s ]
INFO: [ view_filter ] --START--
INFO: Run Behavior\WriteHtmlCacheBehavior [ RunTime:0.000751s ]
INFO: [ view_filter ] --END-- [ RunTime:0.000868s ]
INFO: [ app_end ] --START--
INFO: Run Behavior\ShowPageTraceBehavior [ RunTime:0.001392s ]
INFO: [ app_end ] --END-- [ RunTime:0.001580s ]

[ 2019-12-17T16:04:19+08:00 ] 127.0.0.1 /Demo/index/page/1
INFO: [ app_init ] --START--
INFO: Run Behavior\BuildLiteBehavior [ RunTime:0.000022s ]
INFO: [ app_init ] --END-- [ RunTime:0.000498s ]
INFO: [ app_begin ] --START--
INFO: Run Behavior\ReadHtmlCacheBehavior [ RunTime:0.000831s ]
INFO: [ app_begin ] --END-- [ RunTime:0.000946s ]
SQL: SHOW COLUMNS FROM `demo_user` [ RunTime:0.0006s ]
SQL: SELECT * FROM `demo_user`  [ RunTime:0.0005s ]
NOTIC: [8] Undefined variable: pageLi D:\mysite\demo_v1.0\Core\Home\Controller\DemoController.class.php 第 71 行.
NOTIC: [8] Undefined variable: pageLi2 D:\mysite\demo_v1.0\Core\Home\Controller\DemoController.class.php 第 79 行.
INFO: [ view_parse ] --START--
INFO: [ template_filter ] --START--
INFO: Run Behavior\ContentReplaceBehavior [ RunTime:0.000056s ]
INFO: [ template_filter ] --END-- [ RunTime:0.000169s ]
NOTIC: [8] Undefined variable: empty D:\mysite\demo_v1.0\Core\Runtime\Cache\Home\45db43fccbbf43cae865982275acd56c.php 第 41 行.
INFO: Run Behavior\ParseTemplateBehavior [ RunTime:0.006850s ]
INFO: [ view_parse ] --END-- [ RunTime:0.006956s ]
INFO: [ view_filter ] --START--
INFO: Run Behavior\WriteHtmlCacheBehavior [ RunTime:0.000605s ]
INFO: [ view_filter ] --END-- [ RunTime:0.000698s ]
INFO: [ app_end ] --START--
INFO: Run Behavior\ShowPageTraceBehavior [ RunTime:0.001828s ]
INFO: [ app_end ] --END-- [ RunTime:0.002070s ]

[ 2019-12-17T16:04:52+08:00 ] 127.0.0.1 /Demo/index/page/1
INFO: [ app_init ] --START--
INFO: Run Behavior\BuildLiteBehavior [ RunTime:0.000023s ]
INFO: [ app_init ] --END-- [ RunTime:0.000567s ]
INFO: [ app_begin ] --START--
INFO: Run Behavior\ReadHtmlCacheBehavior [ RunTime:0.000740s ]
INFO: [ app_begin ] --END-- [ RunTime:0.000861s ]
SQL: SHOW COLUMNS FROM `demo_user` [ RunTime:0.0015s ]
SQL: SELECT * FROM `demo_user`  [ RunTime:0.0005s ]
NOTIC: [8] Undefined variable: pageLi D:\mysite\demo_v1.0\Core\Home\Controller\DemoController.class.php 第 81 行.
NOTIC: [8] Undefined variable: pageLi2 D:\mysite\demo_v1.0\Core\Home\Controller\DemoController.class.php 第 89 行.
INFO: [ view_parse ] --START--
INFO: [ template_filter ] --START--
INFO: Run Behavior\ContentReplaceBehavior [ RunTime:0.000059s ]
INFO: [ template_filter ] --END-- [ RunTime:0.000171s ]
NOTIC: [8] Undefined variable: empty D:\mysite\demo_v1.0\Core\Runtime\Cache\Home\45db43fccbbf43cae865982275acd56c.php 第 41 行.
INFO: Run Behavior\ParseTemplateBehavior [ RunTime:0.007253s ]
INFO: [ view_parse ] --END-- [ RunTime:0.007361s ]
INFO: [ view_filter ] --START--
INFO: Run Behavior\WriteHtmlCacheBehavior [ RunTime:0.000750s ]
INFO: [ view_filter ] --END-- [ RunTime:0.000852s ]
INFO: [ app_end ] --START--
INFO: Run Behavior\ShowPageTraceBehavior [ RunTime:0.001322s ]
INFO: [ app_end ] --END-- [ RunTime:0.001543s ]

[ 2019-12-17T16:05:00+08:00 ] 127.0.0.1 /Demo/index/page/1
INFO: [ app_init ] --START--
INFO: Run Behavior\BuildLiteBehavior [ RunTime:0.000022s ]
INFO: [ app_init ] --END-- [ RunTime:0.000576s ]
INFO: [ app_begin ] --START--
INFO: Run Behavior\ReadHtmlCacheBehavior [ RunTime:0.000802s ]
INFO: [ app_begin ] --END-- [ RunTime:0.000917s ]
SQL: SHOW COLUMNS FROM `demo_user` [ RunTime:0.0007s ]
SQL: SELECT * FROM `demo_user`  [ RunTime:0.0005s ]
NOTIC: [8] Undefined variable: pageLi D:\mysite\demo_v1.0\Core\Home\Controller\DemoController.class.php 第 81 行.
NOTIC: [8] Undefined variable: pageLi2 D:\mysite\demo_v1.0\Core\Home\Controller\DemoController.class.php 第 89 行.
INFO: [ view_parse ] --START--
INFO: [ template_filter ] --START--
INFO: Run Behavior\ContentReplaceBehavior [ RunTime:0.000056s ]
INFO: [ template_filter ] --END-- [ RunTime:0.000158s ]
NOTIC: [8] Undefined variable: empty D:\mysite\demo_v1.0\Core\Runtime\Cache\Home\45db43fccbbf43cae865982275acd56c.php 第 41 行.
INFO: Run Behavior\ParseTemplateBehavior [ RunTime:0.006947s ]
INFO: [ view_parse ] --END-- [ RunTime:0.007051s ]
INFO: [ view_filter ] --START--
INFO: Run Behavior\WriteHtmlCacheBehavior [ RunTime:0.000678s ]
INFO: [ view_filter ] --END-- [ RunTime:0.000772s ]
INFO: [ app_end ] --START--
INFO: Run Behavior\ShowPageTraceBehavior [ RunTime:0.001101s ]
INFO: [ app_end ] --END-- [ RunTime:0.001248s ]

[ 2019-12-17T16:05:12+08:00 ] 127.0.0.1 /Demo/index/page/1
INFO: [ app_init ] --START--
INFO: Run Behavior\BuildLiteBehavior [ RunTime:0.000034s ]
INFO: [ app_init ] --END-- [ RunTime:0.001188s ]
INFO: [ app_begin ] --START--
INFO: Run Behavior\ReadHtmlCacheBehavior [ RunTime:0.000806s ]
INFO: [ app_begin ] --END-- [ RunTime:0.000925s ]
SQL: SHOW COLUMNS FROM `demo_user` [ RunTime:0.0006s ]
SQL: SELECT * FROM `demo_user`  [ RunTime:0.0005s ]
NOTIC: [8] Undefined variable: pageLi D:\mysite\demo_v1.0\Core\Home\Controller\DemoController.class.php 第 81 行.
NOTIC: [8] Undefined variable: pageLi2 D:\mysite\demo_v1.0\Core\Home\Controller\DemoController.class.php 第 89 行.
INFO: [ view_parse ] --START--
INFO: [ template_filter ] --START--
INFO: Run Behavior\ContentReplaceBehavior [ RunTime:0.000055s ]
INFO: [ template_filter ] --END-- [ RunTime:0.000161s ]
NOTIC: [8] Undefined variable: empty D:\mysite\demo_v1.0\Core\Runtime\Cache\Home\45db43fccbbf43cae865982275acd56c.php 第 41 行.
INFO: Run Behavior\ParseTemplateBehavior [ RunTime:0.008620s ]
INFO: [ view_parse ] --END-- [ RunTime:0.008761s ]
INFO: [ view_filter ] --START--
INFO: Run Behavior\WriteHtmlCacheBehavior [ RunTime:0.000616s ]
INFO: [ view_filter ] --END-- [ RunTime:0.000710s ]
INFO: [ app_end ] --START--
INFO: Run Behavior\ShowPageTraceBehavior [ RunTime:0.000927s ]
INFO: [ app_end ] --END-- [ RunTime:0.001071s ]

[ 2019-12-17T16:08:09+08:00 ] 127.0.0.1 /Demo/index/page/1
INFO: [ app_init ] --START--
INFO: Run Behavior\BuildLiteBehavior [ RunTime:0.000021s ]
INFO: [ app_init ] --END-- [ RunTime:0.000592s ]
INFO: [ app_begin ] --START--
INFO: Run Behavior\ReadHtmlCacheBehavior [ RunTime:0.000907s ]
INFO: [ app_begin ] --END-- [ RunTime:0.001016s ]
SQL: SHOW COLUMNS FROM `demo_user` [ RunTime:0.0007s ]
SQL: SELECT * FROM `demo_user`  [ RunTime:0.0005s ]
NOTIC: [8] Undefined variable: pageLi D:\mysite\demo_v1.0\Core\Home\Controller\DemoController.class.php 第 82 行.
NOTIC: [8] Undefined variable: pageLi2 D:\mysite\demo_v1.0\Core\Home\Controller\DemoController.class.php 第 90 行.
INFO: [ view_parse ] --START--
INFO: [ template_filter ] --START--
INFO: Run Behavior\ContentReplaceBehavior [ RunTime:0.000061s ]
INFO: [ template_filter ] --END-- [ RunTime:0.000160s ]
NOTIC: [8] Undefined variable: empty D:\mysite\demo_v1.0\Core\Runtime\Cache\Home\45db43fccbbf43cae865982275acd56c.php 第 41 行.
INFO: Run Behavior\ParseTemplateBehavior [ RunTime:0.007373s ]
INFO: [ view_parse ] --END-- [ RunTime:0.007476s ]
INFO: [ view_filter ] --START--
INFO: Run Behavior\WriteHtmlCacheBehavior [ RunTime:0.000761s ]
INFO: [ view_filter ] --END-- [ RunTime:0.000854s ]
INFO: [ app_end ] --START--
INFO: Run Behavior\ShowPageTraceBehavior [ RunTime:0.001264s ]
INFO: [ app_end ] --END-- [ RunTime:0.001437s ]

[ 2019-12-17T16:20:37+08:00 ] 127.0.0.1 /Demo/index/page/1
INFO: [ app_init ] --START--
INFO: Run Behavior\BuildLiteBehavior [ RunTime:0.000023s ]
INFO: [ app_init ] --END-- [ RunTime:0.000622s ]
INFO: [ app_begin ] --START--
INFO: Run Behavior\ReadHtmlCacheBehavior [ RunTime:0.000833s ]
INFO: [ app_begin ] --END-- [ RunTime:0.000953s ]
SQL: SHOW COLUMNS FROM `demo_user` [ RunTime:0.0008s ]
SQL: SELECT * FROM `demo_user`  [ RunTime:0.0007s ]
NOTIC: [8] Undefined variable: pageLi D:\mysite\demo_v1.0\Core\Home\Controller\DemoController.class.php 第 82 行.
NOTIC: [8] Undefined variable: pageLi2 D:\mysite\demo_v1.0\Core\Home\Controller\DemoController.class.php 第 90 行.
INFO: [ view_parse ] --START--
INFO: [ template_filter ] --START--
INFO: Run Behavior\ContentReplaceBehavior [ RunTime:0.000070s ]
INFO: [ template_filter ] --END-- [ RunTime:0.000197s ]
NOTIC: [8] Undefined variable: empty D:\mysite\demo_v1.0\Core\Runtime\Cache\Home\45db43fccbbf43cae865982275acd56c.php 第 43 行.
INFO: Run Behavior\ParseTemplateBehavior [ RunTime:0.008803s ]
INFO: [ view_parse ] --END-- [ RunTime:0.008905s ]
INFO: [ view_filter ] --START--
INFO: Run Behavior\WriteHtmlCacheBehavior [ RunTime:0.000725s ]
INFO: [ view_filter ] --END-- [ RunTime:0.000865s ]
INFO: [ app_end ] --START--
INFO: Run Behavior\ShowPageTraceBehavior [ RunTime:0.000986s ]
INFO: [ app_end ] --END-- [ RunTime:0.001114s ]

[ 2019-12-17T16:21:37+08:00 ] 127.0.0.1 /Demo/index/page/1
INFO: [ app_init ] --START--
INFO: Run Behavior\BuildLiteBehavior [ RunTime:0.000031s ]
INFO: [ app_init ] --END-- [ RunTime:0.001372s ]
INFO: [ app_begin ] --START--
INFO: Run Behavior\ReadHtmlCacheBehavior [ RunTime:0.000810s ]
INFO: [ app_begin ] --END-- [ RunTime:0.000928s ]
SQL: SHOW COLUMNS FROM `demo_user` [ RunTime:0.0009s ]
SQL: SELECT * FROM `demo_user`  [ RunTime:0.0007s ]
NOTIC: [8] Undefined variable: pageLi D:\mysite\demo_v1.0\Core\Home\Controller\DemoController.class.php 第 82 行.
NOTIC: [8] Undefined variable: pageLi2 D:\mysite\demo_v1.0\Core\Home\Controller\DemoController.class.php 第 90 行.
INFO: [ view_parse ] --START--
INFO: [ template_filter ] --START--
INFO: Run Behavior\ContentReplaceBehavior [ RunTime:0.000056s ]
INFO: [ template_filter ] --END-- [ RunTime:0.000157s ]
NOTIC: [8] Undefined variable: empty D:\mysite\demo_v1.0\Core\Runtime\Cache\Home\45db43fccbbf43cae865982275acd56c.php 第 43 行.
INFO: Run Behavior\ParseTemplateBehavior [ RunTime:0.007025s ]
INFO: [ view_parse ] --END-- [ RunTime:0.007135s ]
INFO: [ view_filter ] --START--
INFO: Run Behavior\WriteHtmlCacheBehavior [ RunTime:0.000709s ]
INFO: [ view_filter ] --END-- [ RunTime:0.000804s ]
INFO: [ app_end ] --START--
INFO: Run Behavior\ShowPageTraceBehavior [ RunTime:0.001082s ]
INFO: [ app_end ] --END-- [ RunTime:0.001225s ]

[ 2019-12-17T16:21:55+08:00 ] 127.0.0.1 /Demo/index/page/1
INFO: [ app_init ] --START--
INFO: Run Behavior\BuildLiteBehavior [ RunTime:0.000023s ]
INFO: [ app_init ] --END-- [ RunTime:0.000643s ]
INFO: [ app_begin ] --START--
INFO: Run Behavior\ReadHtmlCacheBehavior [ RunTime:0.000939s ]
INFO: [ app_begin ] --END-- [ RunTime:0.001058s ]
SQL: SHOW COLUMNS FROM `demo_user` [ RunTime:0.0009s ]
SQL: SELECT * FROM `demo_user`  [ RunTime:0.0007s ]
NOTIC: [8] Undefined variable: pageLi D:\mysite\demo_v1.0\Core\Home\Controller\DemoController.class.php 第 82 行.
NOTIC: [8] Undefined variable: pageLi2 D:\mysite\demo_v1.0\Core\Home\Controller\DemoController.class.php 第 90 行.
INFO: [ view_parse ] --START--
INFO: [ template_filter ] --START--
INFO: Run Behavior\ContentReplaceBehavior [ RunTime:0.000132s ]
INFO: [ template_filter ] --END-- [ RunTime:0.000360s ]
NOTIC: [8] Undefined variable: empty D:\mysite\demo_v1.0\Core\Runtime\Cache\Home\45db43fccbbf43cae865982275acd56c.php 第 43 行.
INFO: Run Behavior\ParseTemplateBehavior [ RunTime:0.008555s ]
INFO: [ view_parse ] --END-- [ RunTime:0.008666s ]
INFO: [ view_filter ] --START--
INFO: Run Behavior\WriteHtmlCacheBehavior [ RunTime:0.000732s ]
INFO: [ view_filter ] --END-- [ RunTime:0.000835s ]
INFO: [ app_end ] --START--
INFO: Run Behavior\ShowPageTraceBehavior [ RunTime:0.000923s ]
INFO: [ app_end ] --END-- [ RunTime:0.001050s ]

[ 2019-12-17T16:23:18+08:00 ] 127.0.0.1 /Demo/index/page/1
INFO: [ app_init ] --START--
INFO: Run Behavior\BuildLiteBehavior [ RunTime:0.000022s ]
INFO: [ app_init ] --END-- [ RunTime:0.000583s ]
INFO: [ app_begin ] --START--
INFO: Run Behavior\ReadHtmlCacheBehavior [ RunTime:0.001474s ]
INFO: [ app_begin ] --END-- [ RunTime:0.001606s ]
SQL: SHOW COLUMNS FROM `demo_user` [ RunTime:0.0006s ]
SQL: SELECT * FROM `demo_user`  [ RunTime:0.0005s ]
NOTIC: [8] Undefined variable: pageLi D:\mysite\demo_v1.0\Core\Home\Controller\DemoController.class.php 第 82 行.
NOTIC: [8] Undefined variable: pageLi2 D:\mysite\demo_v1.0\Core\Home\Controller\DemoController.class.php 第 90 行.
INFO: [ view_parse ] --START--
INFO: [ template_filter ] --START--
INFO: Run Behavior\ContentReplaceBehavior [ RunTime:0.000174s ]
INFO: [ template_filter ] --END-- [ RunTime:0.000375s ]
NOTIC: [8] Undefined variable: empty D:\mysite\demo_v1.0\Core\Runtime\Cache\Home\45db43fccbbf43cae865982275acd56c.php 第 44 行.
INFO: Run Behavior\ParseTemplateBehavior [ RunTime:0.008744s ]
INFO: [ view_parse ] --END-- [ RunTime:0.008897s ]
INFO: [ view_filter ] --START--
INFO: Run Behavior\WriteHtmlCacheBehavior [ RunTime:0.000749s ]
INFO: [ view_filter ] --END-- [ RunTime:0.000842s ]
INFO: [ app_end ] --START--
INFO: Run Behavior\ShowPageTraceBehavior [ RunTime:0.001291s ]
INFO: [ app_end ] --END-- [ RunTime:0.001428s ]

[ 2019-12-17T16:23:52+08:00 ] 127.0.0.1 /Demo/index/page/1
INFO: [ app_init ] --START--
INFO: Run Behavior\BuildLiteBehavior [ RunTime:0.000024s ]
INFO: [ app_init ] --END-- [ RunTime:0.000614s ]
INFO: [ app_begin ] --START--
INFO: Run Behavior\ReadHtmlCacheBehavior [ RunTime:0.001165s ]
INFO: [ app_begin ] --END-- [ RunTime:0.001331s ]
SQL: SHOW COLUMNS FROM `demo_user` [ RunTime:0.0006s ]
SQL: SELECT * FROM `demo_user`  [ RunTime:0.0005s ]
NOTIC: [8] Undefined variable: pageLi D:\mysite\demo_v1.0\Core\Home\Controller\DemoController.class.php 第 82 行.
NOTIC: [8] Undefined variable: pageLi2 D:\mysite\demo_v1.0\Core\Home\Controller\DemoController.class.php 第 90 行.
INFO: [ view_parse ] --START--
INFO: [ template_filter ] --START--
INFO: Run Behavior\ContentReplaceBehavior [ RunTime:0.000093s ]
INFO: [ template_filter ] --END-- [ RunTime:0.000196s ]
NOTIC: [8] Undefined variable: empty D:\mysite\demo_v1.0\Core\Runtime\Cache\Home\45db43fccbbf43cae865982275acd56c.php 第 44 行.
INFO: Run Behavior\ParseTemplateBehavior [ RunTime:0.007603s ]
INFO: [ view_parse ] --END-- [ RunTime:0.007749s ]
INFO: [ view_filter ] --START--
INFO: Run Behavior\WriteHtmlCacheBehavior [ RunTime:0.001082s ]
INFO: [ view_filter ] --END-- [ RunTime:0.001224s ]
INFO: [ app_end ] --START--
INFO: Run Behavior\ShowPageTraceBehavior [ RunTime:0.001470s ]
INFO: [ app_end ] --END-- [ RunTime:0.001637s ]

[ 2019-12-17T17:21:11+08:00 ] 127.0.0.1 /Demo/index/page/1
INFO: [ app_init ] --START--
INFO: Run Behavior\BuildLiteBehavior [ RunTime:0.000026s ]
INFO: [ app_init ] --END-- [ RunTime:0.000858s ]
INFO: [ app_begin ] --START--
INFO: Run Behavior\ReadHtmlCacheBehavior [ RunTime:0.000879s ]
INFO: [ app_begin ] --END-- [ RunTime:0.000995s ]
SQL: SHOW COLUMNS FROM `demo_user` [ RunTime:0.0023s ]
SQL: SELECT * FROM `demo_user`  [ RunTime:0.0006s ]
NOTIC: [8] Undefined variable: pageLi D:\mysite\demo_v1.0\Core\Home\Controller\DemoController.class.php 第 82 行.
NOTIC: [8] Undefined variable: pageLi2 D:\mysite\demo_v1.0\Core\Home\Controller\DemoController.class.php 第 90 行.
INFO: [ view_parse ] --START--
INFO: [ template_filter ] --START--
INFO: Run Behavior\ContentReplaceBehavior [ RunTime:0.000098s ]
INFO: [ template_filter ] --END-- [ RunTime:0.000291s ]
NOTIC: [8] Undefined variable: empty D:\mysite\demo_v1.0\Core\Runtime\Cache\Home\45db43fccbbf43cae865982275acd56c.php 第 44 行.
INFO: Run Behavior\ParseTemplateBehavior [ RunTime:0.008475s ]
INFO: [ view_parse ] --END-- [ RunTime:0.008581s ]
INFO: [ view_filter ] --START--
INFO: Run Behavior\WriteHtmlCacheBehavior [ RunTime:0.000637s ]
INFO: [ view_filter ] --END-- [ RunTime:0.000740s ]
INFO: [ app_end ] --START--
INFO: Run Behavior\ShowPageTraceBehavior [ RunTime:0.001023s ]
INFO: [ app_end ] --END-- [ RunTime:0.001201s ]

[ 2019-12-17T17:23:55+08:00 ] 127.0.0.1 /Demo/index/page/1
INFO: [ app_init ] --START--
INFO: Run Behavior\BuildLiteBehavior [ RunTime:0.000021s ]
INFO: [ app_init ] --END-- [ RunTime:0.000633s ]
INFO: [ app_begin ] --START--
INFO: Run Behavior\ReadHtmlCacheBehavior [ RunTime:0.001334s ]
INFO: [ app_begin ] --END-- [ RunTime:0.001509s ]
SQL: SHOW COLUMNS FROM `demo_user` [ RunTime:0.0011s ]
SQL: SELECT * FROM `demo_user`  [ RunTime:0.0007s ]
NOTIC: [8] Undefined variable: pageLi D:\mysite\demo_v1.0\Core\Home\Controller\DemoController.class.php 第 82 行.
NOTIC: [8] Undefined variable: pageLi2 D:\mysite\demo_v1.0\Core\Home\Controller\DemoController.class.php 第 90 行.
INFO: [ view_parse ] --START--
INFO: [ template_filter ] --START--
INFO: Run Behavior\ContentReplaceBehavior [ RunTime:0.000060s ]
INFO: [ template_filter ] --END-- [ RunTime:0.000171s ]
NOTIC: [8] Undefined variable: empty D:\mysite\demo_v1.0\Core\Runtime\Cache\Home\45db43fccbbf43cae865982275acd56c.php 第 44 行.
INFO: Run Behavior\ParseTemplateBehavior [ RunTime:0.008107s ]
INFO: [ view_parse ] --END-- [ RunTime:0.008218s ]
INFO: [ view_filter ] --START--
INFO: Run Behavior\WriteHtmlCacheBehavior [ RunTime:0.000800s ]
INFO: [ view_filter ] --END-- [ RunTime:0.000922s ]
INFO: [ app_end ] --START--
INFO: Run Behavior\ShowPageTraceBehavior [ RunTime:0.001117s ]
INFO: [ app_end ] --END-- [ RunTime:0.001254s ]

[ 2019-12-17T17:31:34+08:00 ] 127.0.0.1 /Demo/index/page/1
INFO: [ app_init ] --START--
INFO: Run Behavior\BuildLiteBehavior [ RunTime:0.000022s ]
INFO: [ app_init ] --END-- [ RunTime:0.000619s ]
INFO: [ app_begin ] --START--
INFO: Run Behavior\ReadHtmlCacheBehavior [ RunTime:0.000887s ]
INFO: [ app_begin ] --END-- [ RunTime:0.000998s ]
SQL: SHOW COLUMNS FROM `demo_user` [ RunTime:0.0012s ]
SQL: SELECT * FROM `demo_user`  [ RunTime:0.0008s ]
NOTIC: [8] Undefined variable: pageLi D:\mysite\demo_v1.0\Core\Home\Controller\DemoController.class.php 第 82 行.
NOTIC: [8] Undefined variable: pageLi2 D:\mysite\demo_v1.0\Core\Home\Controller\DemoController.class.php 第 90 行.
INFO: [ view_parse ] --START--
INFO: [ template_filter ] --START--
INFO: Run Behavior\ContentReplaceBehavior [ RunTime:0.000066s ]
INFO: [ template_filter ] --END-- [ RunTime:0.000177s ]
NOTIC: [8] Undefined variable: empty D:\mysite\demo_v1.0\Core\Runtime\Cache\Home\45db43fccbbf43cae865982275acd56c.php 第 47 行.
INFO: Run Behavior\ParseTemplateBehavior [ RunTime:0.008177s ]
INFO: [ view_parse ] --END-- [ RunTime:0.008295s ]
INFO: [ view_filter ] --START--
INFO: Run Behavior\WriteHtmlCacheBehavior [ RunTime:0.000744s ]
INFO: [ view_filter ] --END-- [ RunTime:0.000862s ]
INFO: [ app_end ] --START--
INFO: Run Behavior\ShowPageTraceBehavior [ RunTime:0.000938s ]
INFO: [ app_end ] --END-- [ RunTime:0.001083s ]

[ 2019-12-17T17:34:44+08:00 ] 127.0.0.1 /Demo/index/page/1
INFO: [ app_init ] --START--
INFO: Run Behavior\BuildLiteBehavior [ RunTime:0.000040s ]
INFO: [ app_init ] --END-- [ RunTime:0.000978s ]
INFO: [ app_begin ] --START--
INFO: Run Behavior\ReadHtmlCacheBehavior [ RunTime:0.000823s ]
INFO: [ app_begin ] --END-- [ RunTime:0.000928s ]
SQL: SHOW COLUMNS FROM `demo_user` [ RunTime:0.0009s ]
SQL: SELECT * FROM `demo_user`  [ RunTime:0.0005s ]
NOTIC: [8] Undefined variable: pageLi D:\mysite\demo_v1.0\Core\Home\Controller\DemoController.class.php 第 82 行.
NOTIC: [8] Undefined variable: pageLi2 D:\mysite\demo_v1.0\Core\Home\Controller\DemoController.class.php 第 90 行.
INFO: [ view_parse ] --START--
INFO: [ template_filter ] --START--
INFO: Run Behavior\ContentReplaceBehavior [ RunTime:0.000068s ]
INFO: [ template_filter ] --END-- [ RunTime:0.000169s ]
NOTIC: [8] Undefined variable: empty D:\mysite\demo_v1.0\Core\Runtime\Cache\Home\45db43fccbbf43cae865982275acd56c.php 第 47 行.
INFO: Run Behavior\ParseTemplateBehavior [ RunTime:0.007811s ]
INFO: [ view_parse ] --END-- [ RunTime:0.007910s ]
INFO: [ view_filter ] --START--
INFO: Run Behavior\WriteHtmlCacheBehavior [ RunTime:0.001022s ]
INFO: [ view_filter ] --END-- [ RunTime:0.001115s ]
INFO: [ app_end ] --START--
INFO: Run Behavior\ShowPageTraceBehavior [ RunTime:0.001376s ]
INFO: [ app_end ] --END-- [ RunTime:0.001545s ]

[ 2019-12-17T17:35:27+08:00 ] 127.0.0.1 /Demo/index/page/1
INFO: [ app_init ] --START--
INFO: Run Behavior\BuildLiteBehavior [ RunTime:0.000028s ]
INFO: [ app_init ] --END-- [ RunTime:0.001057s ]
INFO: [ app_begin ] --START--
INFO: Run Behavior\ReadHtmlCacheBehavior [ RunTime:0.000866s ]
INFO: [ app_begin ] --END-- [ RunTime:0.000985s ]
SQL: SHOW COLUMNS FROM `demo_user` [ RunTime:0.0008s ]
SQL: SELECT * FROM `demo_user`  [ RunTime:0.0006s ]
NOTIC: [8] Undefined variable: pageLi D:\mysite\demo_v1.0\Core\Home\Controller\DemoController.class.php 第 82 行.
NOTIC: [8] Undefined variable: pageLi2 D:\mysite\demo_v1.0\Core\Home\Controller\DemoController.class.php 第 90 行.
INFO: [ view_parse ] --START--
INFO: [ template_filter ] --START--
INFO: Run Behavior\ContentReplaceBehavior [ RunTime:0.000085s ]
INFO: [ template_filter ] --END-- [ RunTime:0.000192s ]
NOTIC: [8] Undefined variable: empty D:\mysite\demo_v1.0\Core\Runtime\Cache\Home\45db43fccbbf43cae865982275acd56c.php 第 47 行.
INFO: Run Behavior\ParseTemplateBehavior [ RunTime:0.007845s ]
INFO: [ view_parse ] --END-- [ RunTime:0.007947s ]
INFO: [ view_filter ] --START--
INFO: Run Behavior\WriteHtmlCacheBehavior [ RunTime:0.000817s ]
INFO: [ view_filter ] --END-- [ RunTime:0.000909s ]
INFO: [ app_end ] --START--
INFO: Run Behavior\ShowPageTraceBehavior [ RunTime:0.001203s ]
INFO: [ app_end ] --END-- [ RunTime:0.001364s ]

[ 2019-12-17T17:37:18+08:00 ] 127.0.0.1 /Demo/index/page/1
INFO: [ app_init ] --START--
INFO: Run Behavior\BuildLiteBehavior [ RunTime:0.000026s ]
INFO: [ app_init ] --END-- [ RunTime:0.000738s ]
INFO: [ app_begin ] --START--
INFO: Run Behavior\ReadHtmlCacheBehavior [ RunTime:0.000850s ]
INFO: [ app_begin ] --END-- [ RunTime:0.000965s ]
SQL: SHOW COLUMNS FROM `demo_user` [ RunTime:0.0012s ]
SQL: SELECT * FROM `demo_user`  [ RunTime:0.0006s ]
NOTIC: [8] Undefined variable: pageLi D:\mysite\demo_v1.0\Core\Home\Controller\DemoController.class.php 第 82 行.
NOTIC: [8] Undefined variable: pageLi2 D:\mysite\demo_v1.0\Core\Home\Controller\DemoController.class.php 第 90 行.
INFO: [ view_parse ] --START--
INFO: [ template_filter ] --START--
INFO: Run Behavior\ContentReplaceBehavior [ RunTime:0.000061s ]
INFO: [ template_filter ] --END-- [ RunTime:0.000174s ]
NOTIC: [8] Undefined variable: empty D:\mysite\demo_v1.0\Core\Runtime\Cache\Home\45db43fccbbf43cae865982275acd56c.php 第 47 行.
INFO: Run Behavior\ParseTemplateBehavior [ RunTime:0.007469s ]
INFO: [ view_parse ] --END-- [ RunTime:0.007576s ]
INFO: [ view_filter ] --START--
INFO: Run Behavior\WriteHtmlCacheBehavior [ RunTime:0.000745s ]
INFO: [ view_filter ] --END-- [ RunTime:0.000841s ]
INFO: [ app_end ] --START--
INFO: Run Behavior\ShowPageTraceBehavior [ RunTime:0.000991s ]
INFO: [ app_end ] --END-- [ RunTime:0.001172s ]

[ 2019-12-17T17:37:46+08:00 ] 127.0.0.1 /Demo/index/page/1
INFO: [ app_init ] --START--
INFO: Run Behavior\BuildLiteBehavior [ RunTime:0.000038s ]
INFO: [ app_init ] --END-- [ RunTime:0.000903s ]
INFO: [ app_begin ] --START--
INFO: Run Behavior\ReadHtmlCacheBehavior [ RunTime:0.000909s ]
INFO: [ app_begin ] --END-- [ RunTime:0.001030s ]
SQL: SHOW COLUMNS FROM `demo_user` [ RunTime:0.0009s ]
SQL: SELECT * FROM `demo_user`  [ RunTime:0.0008s ]
NOTIC: [8] Undefined variable: pageLi D:\mysite\demo_v1.0\Core\Home\Controller\DemoController.class.php 第 82 行.
NOTIC: [8] Undefined variable: pageLi2 D:\mysite\demo_v1.0\Core\Home\Controller\DemoController.class.php 第 90 行.
INFO: [ view_parse ] --START--
INFO: [ template_filter ] --START--
INFO: Run Behavior\ContentReplaceBehavior [ RunTime:0.000059s ]
INFO: [ template_filter ] --END-- [ RunTime:0.000162s ]
NOTIC: [8] Undefined variable: empty D:\mysite\demo_v1.0\Core\Runtime\Cache\Home\45db43fccbbf43cae865982275acd56c.php 第 47 行.
INFO: Run Behavior\ParseTemplateBehavior [ RunTime:0.007921s ]
INFO: [ view_parse ] --END-- [ RunTime:0.008161s ]
INFO: [ view_filter ] --START--
INFO: Run Behavior\WriteHtmlCacheBehavior [ RunTime:0.000737s ]
INFO: [ view_filter ] --END-- [ RunTime:0.000850s ]
INFO: [ app_end ] --START--
INFO: Run Behavior\ShowPageTraceBehavior [ RunTime:0.001014s ]
INFO: [ app_end ] --END-- [ RunTime:0.001141s ]

[ 2019-12-17T17:39:35+08:00 ] 127.0.0.1 /Demo/index/page/1
INFO: [ app_init ] --START--
INFO: Run Behavior\BuildLiteBehavior [ RunTime:0.000022s ]
INFO: [ app_init ] --END-- [ RunTime:0.000837s ]
INFO: [ app_begin ] --START--
INFO: Run Behavior\ReadHtmlCacheBehavior [ RunTime:0.001329s ]
INFO: [ app_begin ] --END-- [ RunTime:0.001475s ]
SQL: SHOW COLUMNS FROM `demo_user` [ RunTime:0.0013s ]
SQL: SELECT * FROM `demo_user`  [ RunTime:0.0008s ]
NOTIC: [8] Undefined variable: pageLi D:\mysite\demo_v1.0\Core\Home\Controller\DemoController.class.php 第 82 行.
NOTIC: [8] Undefined variable: pageLi2 D:\mysite\demo_v1.0\Core\Home\Controller\DemoController.class.php 第 90 行.
INFO: [ view_parse ] --START--
INFO: [ template_filter ] --START--
INFO: Run Behavior\ContentReplaceBehavior [ RunTime:0.000064s ]
INFO: [ template_filter ] --END-- [ RunTime:0.000171s ]
NOTIC: [8] Undefined variable: empty D:\mysite\demo_v1.0\Core\Runtime\Cache\Home\45db43fccbbf43cae865982275acd56c.php 第 47 行.
INFO: Run Behavior\ParseTemplateBehavior [ RunTime:0.007986s ]
INFO: [ view_parse ] --END-- [ RunTime:0.008092s ]
INFO: [ view_filter ] --START--
INFO: Run Behavior\WriteHtmlCacheBehavior [ RunTime:0.000794s ]
INFO: [ view_filter ] --END-- [ RunTime:0.000895s ]
INFO: [ app_end ] --START--
INFO: Run Behavior\ShowPageTraceBehavior [ RunTime:0.000950s ]
INFO: [ app_end ] --END-- [ RunTime:0.001082s ]

[ 2019-12-17T17:40:22+08:00 ] 127.0.0.1 /Demo/index/page/1
INFO: [ app_init ] --START--
INFO: Run Behavior\BuildLiteBehavior [ RunTime:0.000029s ]
INFO: [ app_init ] --END-- [ RunTime:0.000783s ]
INFO: [ app_begin ] --START--
INFO: Run Behavior\ReadHtmlCacheBehavior [ RunTime:0.000826s ]
INFO: [ app_begin ] --END-- [ RunTime:0.000946s ]
SQL: SHOW COLUMNS FROM `demo_user` [ RunTime:0.0009s ]
SQL: SELECT * FROM `demo_user`  [ RunTime:0.0006s ]
NOTIC: [8] Undefined variable: pageLi D:\mysite\demo_v1.0\Core\Home\Controller\DemoController.class.php 第 82 行.
NOTIC: [8] Undefined variable: pageLi2 D:\mysite\demo_v1.0\Core\Home\Controller\DemoController.class.php 第 90 行.
INFO: [ view_parse ] --START--
INFO: [ template_filter ] --START--
INFO: Run Behavior\ContentReplaceBehavior [ RunTime:0.000065s ]
INFO: [ template_filter ] --END-- [ RunTime:0.000168s ]
NOTIC: [8] Undefined variable: empty D:\mysite\demo_v1.0\Core\Runtime\Cache\Home\45db43fccbbf43cae865982275acd56c.php 第 47 行.
INFO: Run Behavior\ParseTemplateBehavior [ RunTime:0.008868s ]
INFO: [ view_parse ] --END-- [ RunTime:0.008974s ]
INFO: [ view_filter ] --START--
INFO: Run Behavior\WriteHtmlCacheBehavior [ RunTime:0.000763s ]
INFO: [ view_filter ] --END-- [ RunTime:0.000859s ]
INFO: [ app_end ] --START--
INFO: Run Behavior\ShowPageTraceBehavior [ RunTime:0.000927s ]
INFO: [ app_end ] --END-- [ RunTime:0.001067s ]

[ 2019-12-17T17:40:53+08:00 ] 127.0.0.1 /Demo/index/page/1
INFO: [ app_init ] --START--
INFO: Run Behavior\BuildLiteBehavior [ RunTime:0.000040s ]
INFO: [ app_init ] --END-- [ RunTime:0.000814s ]
INFO: [ app_begin ] --START--
INFO: Run Behavior\ReadHtmlCacheBehavior [ RunTime:0.001481s ]
INFO: [ app_begin ] --END-- [ RunTime:0.001704s ]
SQL: SHOW COLUMNS FROM `demo_user` [ RunTime:0.0007s ]
SQL: SELECT * FROM `demo_user`  [ RunTime:0.0011s ]
NOTIC: [8] Undefined variable: pageLi D:\mysite\demo_v1.0\Core\Home\Controller\DemoController.class.php 第 82 行.
NOTIC: [8] Undefined variable: pageLi2 D:\mysite\demo_v1.0\Core\Home\Controller\DemoController.class.php 第 90 行.
INFO: [ view_parse ] --START--
INFO: [ template_filter ] --START--
INFO: Run Behavior\ContentReplaceBehavior [ RunTime:0.000069s ]
INFO: [ template_filter ] --END-- [ RunTime:0.000171s ]
NOTIC: [8] Undefined variable: empty D:\mysite\demo_v1.0\Core\Runtime\Cache\Home\45db43fccbbf43cae865982275acd56c.php 第 47 行.
INFO: Run Behavior\ParseTemplateBehavior [ RunTime:0.008728s ]
INFO: [ view_parse ] --END-- [ RunTime:0.008829s ]
INFO: [ view_filter ] --START--
INFO: Run Behavior\WriteHtmlCacheBehavior [ RunTime:0.000682s ]
INFO: [ view_filter ] --END-- [ RunTime:0.000782s ]
INFO: [ app_end ] --START--
INFO: Run Behavior\ShowPageTraceBehavior [ RunTime:0.001004s ]
INFO: [ app_end ] --END-- [ RunTime:0.001136s ]

[ 2019-12-17T17:41:48+08:00 ] 127.0.0.1 /Demo/index/page/1
INFO: [ app_init ] --START--
INFO: Run Behavior\BuildLiteBehavior [ RunTime:0.000074s ]
INFO: [ app_init ] --END-- [ RunTime:0.001143s ]
INFO: [ app_begin ] --START--
INFO: Run Behavior\ReadHtmlCacheBehavior [ RunTime:0.000873s ]
INFO: [ app_begin ] --END-- [ RunTime:0.000992s ]
SQL: SHOW COLUMNS FROM `demo_user` [ RunTime:0.0011s ]
SQL: SELECT * FROM `demo_user`  [ RunTime:0.0008s ]
NOTIC: [8] Undefined variable: pageLi D:\mysite\demo_v1.0\Core\Home\Controller\DemoController.class.php 第 82 行.
NOTIC: [8] Undefined variable: pageLi2 D:\mysite\demo_v1.0\Core\Home\Controller\DemoController.class.php 第 90 行.
INFO: [ view_parse ] --START--
INFO: [ template_filter ] --START--
INFO: Run Behavior\ContentReplaceBehavior [ RunTime:0.000064s ]
INFO: [ template_filter ] --END-- [ RunTime:0.000162s ]
NOTIC: [8] Undefined variable: empty D:\mysite\demo_v1.0\Core\Runtime\Cache\Home\45db43fccbbf43cae865982275acd56c.php 第 47 行.
INFO: Run Behavior\ParseTemplateBehavior [ RunTime:0.007125s ]
INFO: [ view_parse ] --END-- [ RunTime:0.007233s ]
INFO: [ view_filter ] --START--
INFO: Run Behavior\WriteHtmlCacheBehavior [ RunTime:0.000873s ]
INFO: [ view_filter ] --END-- [ RunTime:0.000973s ]
INFO: [ app_end ] --START--
INFO: Run Behavior\ShowPageTraceBehavior [ RunTime:0.001216s ]
INFO: [ app_end ] --END-- [ RunTime:0.001367s ]

[ 2019-12-17T17:42:20+08:00 ] 127.0.0.1 /Demo/index/page/1
INFO: [ app_init ] --START--
INFO: Run Behavior\BuildLiteBehavior [ RunTime:0.000022s ]
INFO: [ app_init ] --END-- [ RunTime:0.000543s ]
INFO: [ app_begin ] --START--
INFO: Run Behavior\ReadHtmlCacheBehavior [ RunTime:0.000880s ]
INFO: [ app_begin ] --END-- [ RunTime:0.000994s ]
SQL: SHOW COLUMNS FROM `demo_user` [ RunTime:0.0011s ]
SQL: SELECT * FROM `demo_user`  [ RunTime:0.0010s ]
NOTIC: [8] Undefined variable: pageLi D:\mysite\demo_v1.0\Core\Home\Controller\DemoController.class.php 第 82 行.
NOTIC: [8] Undefined variable: pageLi2 D:\mysite\demo_v1.0\Core\Home\Controller\DemoController.class.php 第 90 行.
INFO: [ view_parse ] --START--
INFO: [ template_filter ] --START--
INFO: Run Behavior\ContentReplaceBehavior [ RunTime:0.000069s ]
INFO: [ template_filter ] --END-- [ RunTime:0.000176s ]
NOTIC: [8] Undefined variable: empty D:\mysite\demo_v1.0\Core\Runtime\Cache\Home\45db43fccbbf43cae865982275acd56c.php 第 47 行.
INFO: Run Behavior\ParseTemplateBehavior [ RunTime:0.007798s ]
INFO: [ view_parse ] --END-- [ RunTime:0.007906s ]
INFO: [ view_filter ] --START--
INFO: Run Behavior\WriteHtmlCacheBehavior [ RunTime:0.001340s ]
INFO: [ view_filter ] --END-- [ RunTime:0.001448s ]
INFO: [ app_end ] --START--
INFO: Run Behavior\ShowPageTraceBehavior [ RunTime:0.000856s ]
INFO: [ app_end ] --END-- [ RunTime:0.001020s ]

[ 2019-12-17T17:43:02+08:00 ] 127.0.0.1 /Demo/index/page/1
INFO: [ app_init ] --START--
INFO: Run Behavior\BuildLiteBehavior [ RunTime:0.000031s ]
INFO: [ app_init ] --END-- [ RunTime:0.001111s ]
INFO: [ app_begin ] --START--
INFO: Run Behavior\ReadHtmlCacheBehavior [ RunTime:0.001469s ]
INFO: [ app_begin ] --END-- [ RunTime:0.001634s ]
SQL: SHOW COLUMNS FROM `demo_user` [ RunTime:0.0007s ]
SQL: SELECT * FROM `demo_user`  [ RunTime:0.0005s ]
NOTIC: [8] Undefined variable: pageLi D:\mysite\demo_v1.0\Core\Home\Controller\DemoController.class.php 第 82 行.
NOTIC: [8] Undefined variable: pageLi2 D:\mysite\demo_v1.0\Core\Home\Controller\DemoController.class.php 第 90 行.
INFO: [ view_parse ] --START--
INFO: [ template_filter ] --START--
INFO: Run Behavior\ContentReplaceBehavior [ RunTime:0.000150s ]
INFO: [ template_filter ] --END-- [ RunTime:0.000310s ]
NOTIC: [8] Undefined variable: empty D:\mysite\demo_v1.0\Core\Runtime\Cache\Home\45db43fccbbf43cae865982275acd56c.php 第 47 行.
INFO: Run Behavior\ParseTemplateBehavior [ RunTime:0.008520s ]
INFO: [ view_parse ] --END-- [ RunTime:0.008694s ]
INFO: [ view_filter ] --START--
INFO: Run Behavior\WriteHtmlCacheBehavior [ RunTime:0.000748s ]
INFO: [ view_filter ] --END-- [ RunTime:0.000846s ]
INFO: [ app_end ] --START--
INFO: Run Behavior\ShowPageTraceBehavior [ RunTime:0.000914s ]
INFO: [ app_end ] --END-- [ RunTime:0.001027s ]

